### ISSUE TITLE
PHP 7 fclose -  observed variable has too many references

### ISSUE THREAD

**Issue by sergeyklay** [zephir-lang/zephir#1233]
**How to reproduce**:

``` zephir
namespace Beanspeak;

class Fclose
{
    protected socket;

    public function connect() -> resource
    {
        var socket;

        let socket = pfsockopen("172.24.0.1", 11300, null, null, 5);

        if typeof socket != "resource" {
            throw new \Exception("Can't establish connection.");
        }

        stream_set_timeout(socket, -1, null);

        let this->socket = socket;

        return socket;
    }

    public function disconnect() -> boolean
    {
        var socket;

        let socket = this->socket;

        if typeof socket != "resource" {
            return false;
        }

        fclose(socket);

        let this->socket = null;

        return true;
    }
}
```

**Test**:

``` php
<?php

class ConnectTest extends \PHPUnit_Framework_TestCase
{
    public function testConnection()
    {
        $client = new \Beanspeak\Fclose;

        $client->connect();
        $client->disconnect();
    }
}
```

```
php -v
PHP 7.0.5 (cli) (built: Apr  1 2016 20:20:19) ( NTS )
Copyright (c) 1997-2016 The PHP Group
Zend Engine v3.0.0, Copyright (c) 1998-2016 Zend Technologies
    with Zend OPcache v7.0.6-dev, Copyright (c) 1999-2016, by Zend Technologies
    with Xdebug v2.4.0, Copyright (c) 2002-2016, by Derick Rethans
```

PHPUnit 4.8.24

```
zephir_memory_restore_stack_common: observed variable #0 (0x7ffd2f43a0c0) has too many references (2091942776), type=9  [(null)]
/entrypoint.sh: line 49:   186 Segmentation fault      (core dumped) /app/vendor/bin/phpunit tests/ConnectTest.php
Reading symbols from /usr/local/phpenv/versions/7.0.5/bin/php...done.
[New LWP 186]
[Thread debugging using libthread_db enabled]
Using host libthread_db library "/lib/x86_64-linux-gnu/libthread_db.so.1".
Core was generated by `php /app/vendor/bin/phpunit tests/ConnectTest.php'.
Program terminated with signal SIGSEGV, Segmentation fault.
#0  zend_mm_alloc_small (size=<optimized out>, bin_num=2, heap=0x7ff17d400040) at /tmp/php-build/source/7.0.5/Zend/zend_alloc.c:1295
1295    /tmp/php-build/source/7.0.5/Zend/zend_alloc.c: No such file or directory.
(gdb) (gdb) #0  zend_mm_alloc_small (size=<optimized out>, bin_num=2, heap=0x7ff17d400040) at /tmp/php-build/source/7.0.5/Zend/zend_alloc.c:1295
        p = 0x7ff17cb0845000
#1  zend_mm_alloc_heap (size=<optimized out>, heap=0x7ff17d400040) at /tmp/php-build/source/7.0.5/Zend/zend_alloc.c:1366
        ptr = 0x7ff17d400050
#2  zend_mm_realloc_heap (heap=0x7ff17d400040, ptr=0x7ff17cb45580, size=<optimized out>, copy_size=24) at /tmp/php-build/source/7.0.5/Zend/zend_alloc.c:1644
        orig_peak = 3352056
        orig_real_peak = 4194304
        page_offset = 1332608
        old_size = 128
        new_size = <optimized out>
#3  0x00000000008057da in pass_two (op_array=0x7ff17cb51498) at /tmp/php-build/source/7.0.5/Zend/zend_opcode.c:594
        opline = <optimized out>
        end = <optimized out>
#4  0x00000000007feb51 in zend_compile_func_decl (result=result@entry=0x0, ast=ast@entry=0x7ff17cb5e678) at /tmp/php-build/source/7.0.5/Zend/zend_compile.c:4912
        decl = 0x7ff17cb5e678
        params_ast = 0x7ff17cb5e1a0
        uses_ast = 0x0
        stmt_ast = 0x7ff17cb5e1d0
        return_type_ast = 0x0
        is_method = 1 '\001'
        orig_op_array = 0x7ff17caf89a0
        op_array = 0x7ff17cb51498
        orig_oparray_context = {opcodes_size = 64, vars_size = 0, literals_size = 16, current_brk_cont = -1, backpatch_count = 0, in_finally = 0, fast_call_var = 4294967295, labels = 0x0}
#5  0x00000000007fcc8a in zend_compile_stmt (ast=0x7ff17cb5e678) at /tmp/php-build/source/7.0.5/Zend/zend_compile.c:7065
No locals.
#6  0x00000000007fd4f7 in zend_compile_stmt_list (ast=ast@entry=0x7ff17cb5e108) at /tmp/php-build/source/7.0.5/Zend/zend_compile.c:4358
        i = 0
#7  0x00000000007fcb0e in zend_compile_stmt (ast=ast@entry=0x7ff17cb5e108) at /tmp/php-build/source/7.0.5/Zend/zend_compile.c:7009
No locals.
#8  0x00000000007fd82d in zend_compile_class_decl (ast=ast@entry=0x7ff17cb61200) at /tmp/php-build/source/7.0.5/Zend/zend_compile.c:5305
        decl = 0x7ff17cb61200
        extends_ast = 0x0
        implements_ast = 0x0
        stmt_ast = 0x7ff17cb5e108
        name = <optimized out>
        lcname = <optimized out>
        import_name = <optimized out>
        ce = 0x7ff17cb512a0
        opline = 0x7ff17d47e060
        declare_node = {op_type = 4 '\004', flag = 226 '\342', u = {op = {constant = 0, var = 0, num = 0, opline_num = 0, jmp_offset = 0}, constant = {value = {lval = 140673063845888, dval = 6.9501728141485564e-310, counted = 0x7ff100000000, str = 0x7ff100000000, arr = 0x7ff100000000, obj = 0x7ff100000000, res = 0x7ff100000000, ref = 0x7ff100000000, ast = 0x7ff100000000, zv = 0x7ff100000000, ptr = 0x7ff100000000, ce = 0x7ff100000000, func = 0x7ff100000000, ww = {w1 = 0, w2 = 32753}}, u1 = {v = {type = 240 '\360', type_flags = 140 '\214', const_flags = 169 '\251', reserved = 124 '|'}, type_info = 2091486448}, u2 = {var_flags = 32753, next = 32753, cache_slot = 32753, lineno = 32753, num_args = 32753, fe_pos = 32753, fe_iter_idx = 32753}}}}
        extends_node = {op_type = 224 '\340', flag = 215 '\327', u = {op = {constant = 2092182496, var = 2092182496, num = 2092182496, opline_num = 2092182496, jmp_offset = 2092182496}, constant = {value = {lval = 140675156028384, dval = 6.9502761816981668e-310, counted = 0x7ff17cb42be0, str = 0x7ff17cb42be0, arr = 0x7ff17cb42be0, obj = 0x7ff17cb42be0, res = 0x7ff17cb42be0, ref = 0x7ff17cb42be0, ast = 0x7ff17cb42be0, zv = 0x7ff17cb42be0, ptr = 0x7ff17cb42be0, ce = 0x7ff17cb42be0, func = 0x7ff17cb42be0, ww = {w1 = 2092182496, w2 = 32753}}, u1 = {v = {type = 240 '\360', type_flags = 140 '\214', const_flags = 169 '\251', reserved = 124 '|'}, type_info = 2091486448}, u2 = {var_flags = 32753, next = 32753, cache_slot = 32753, lineno = 32753, num_args = 32753, fe_pos = 32753, fe_iter_idx = 32753}}}}
        original_ce = 0x0
        original_implementing_class = {op_type = 0 '\000', flag = 0 '\000', u = {op = {constant = 0, var = 0, num = 0, opline_num = 0, jmp_offset = 0}, constant = {value = {lval = 0, dval = 0, counted = 0x0, str = 0x0, arr = 0x0, obj = 0x0, res = 0x0, ref = 0x0, ast = 0x0, zv = 0x0, ptr = 0x0, ce = 0x0, func = 0x0, ww = {w1 = 0, w2 = 0}}, u1 = {v = {type = 0 '\000', type_flags = 0 '\000', const_flags = 0 '\000', reserved = 0 '\000'}, type_info = 0}, u2 = {var_flags = 0, next = 0, cache_slot = 0, lineno = 0, num_args = 0, fe_pos = 0, fe_iter_idx = 0}}}}
#9  0x00000000007fcc28 in zend_compile_stmt (ast=ast@entry=0x7ff17cb61200) at /tmp/php-build/source/7.0.5/Zend/zend_compile.c:7077
No locals.
#10 0x00000000007fee4a in zend_compile_top_stmt (ast=0x7ff17cb61200) at /tmp/php-build/source/7.0.5/Zend/zend_compile.c:6983
No locals.
#11 0x00000000007fee8f in zend_compile_top_stmt (ast=0x7ff17cb5e018) at /tmp/php-build/source/7.0.5/Zend/zend_compile.c:6978
        i = 2
#12 0x00000000007dad06 in compile_file (file_handle=<optimized out>, type=<optimized out>) at Zend/zend_language_scanner.l:607
        retval_zv = {value = {lval = 1, dval = 4.9406564584124654e-324, counted = 0x1, str = 0x1, arr = 0x1, obj = 0x1, res = 0x1, ref = 0x1, ast = 0x1, zv = 0x1, ptr = 0x1, ce = 0x1, func = 0x1, ww = {w1 = 1, w2 = 0}}, u1 = {v = {type = 4 '\004', type_flags = 0 '\000', const_flags = 0 '\000', reserved = 0 '\000'}, type_info = 4}, u2 = {var_flags = 0, next = 0, cache_slot = 0, lineno = 0, num_args = 0, fe_pos = 0, fe_iter_idx = 0}}
        original_file_context = {declarables = {ticks = 0}, implementing_class = {op_type = 0 '\000', flag = 0 '\000', u = {op = {constant = 0, var = 0, num = 0, opline_num = 0, jmp_offset = 0}, constant = {value = {lval = 0, dval = 0, counted = 0x0, str = 0x0, arr = 0x0, obj = 0x0, res = 0x0, ref = 0x0, ast = 0x0, zv = 0x0, ptr = 0x0, ce = 0x0, func = 0x0, ww = {w1 = 0, w2 = 0}}, u1 = {v = {type = 0 '\000', type_flags = 0 '\000', const_flags = 0 '\000', reserved = 0 '\000'}, type_info = 0}, u2 = {var_flags = 0, next = 0, cache_slot = 0, lineno = 0, num_args = 0, fe_pos = 0, fe_iter_idx = 0}}}}, current_namespace = 0x0, in_namespace = 0 '\000', has_bracketed_namespaces = 0 '\000', imports = 0x0, imports_function = 0x0, imports_const = 0x0}
        original_oparray_context = {opcodes_size = 0, vars_size = 0, literals_size = 0, current_brk_cont = 0, backpatch_count = 0, in_finally = 0, fast_call_var = 0, labels = 0x0}
        original_active_op_array = 0x0
        original_in_compilation = 0 '\000'
        original_lex_state = {yy_leng = 0, yy_start = 0x0, yy_text = 0x0, yy_cursor = 0x0, yy_marker = 0x0, yy_limit = 0x0, yy_state = 0, state_stack = {size = 4, top = 0, max = 0, elements = 0x0}, heredoc_label_stack = {top = 0, max = 0, elements = 0x0, top_element = 0x0, persistent = 0 '\000'}, in = 0x0, lineno = 0, filename = 0x0, script_org = 0x0, script_org_size = 0, script_filtered = 0x0, script_filtered_size = 0, input_filter = 0x0, output_filter = 0x0, script_encoding = 0x0, on_event = 0x0, ast = 0x0, ast_arena = 0x0}
        op_array = 0x7ff17caf89a0
#13 0x000000000065a7b0 in phar_compile_file (file_handle=<optimized out>, type=<optimized out>) at /tmp/php-build/source/7.0.5/ext/phar/phar.c:3322
        __orig_bailout = 0x7ffd2f43c010
        __bailout = {{__jmpbuf = {140675165901464, -141336333392983, 140725396413568, 140725396413584, 140675165287088, 140675165656960, 1444705202725801, -141012961598551}, __mask_was_saved = 0, __saved_mask = {__val = {140725396413408, 140675158055776, 140725396413680, 140675158066000, 140675160491480, 140675165288000, 140675243997024, 64, 36, 140725396413824, 140675165287904, 140675167109720, 140675240605616, 21474836480, 39530592, 38795792}}}}
        res = <optimized out>
        name = 0x0
        failed = 0
        phar = 0x9
#14 0x00007ff17cf9c8bd in xdebug_compile_file (file_handle=<optimized out>, type=<optimized out>) at /tmp/php-build/source/xdebug-2.4.0/xdebug.c:2112
        op_array = <optimized out>
#15 0x00000000007dae05 in compile_filename (type=2, filename=filename@entry=0x7ff17d417310) at Zend/zend_language_scanner.l:647
        file_handle = {handle = {fd = 2091883776, fp = 0x7ff17caf9d00, stream = {handle = 0x7ff17caf9d00, isatty = 0, mmap = {len = 4519, pos = 0, map = 0x0, buf = 0x7ff184634000 <error: Cannot access memory at address 0x7ff184634000>, old_handle = 0x0, old_closer = 0x0}, reader = 0x7c9dd0 <_php_stream_read>, fsizer = 0x7b1a10 <php_zend_stream_fsizer>, closer = 0x7b19f0 <php_zend_stream_mmap_closer>}}, filename = 0x7ff17d4ad298 "/app/vendor/sebastian/global-state/src/Restorer.php", opened_path = 0x7ff17cb42b90, type = ZEND_HANDLE_MAPPED, free_filename = 0 '\000'}
        tmp = {value = {lval = 0, dval = 0, counted = 0x0, str = 0x0, arr = 0x0, obj = 0x0, res = 0x0, ref = 0x0, ast = 0x0, zv = 0x0, ptr = 0x0, ce = 0x0, func = 0x0, ww = {w1 = 0, w2 = 0}}, u1 = {v = {type = 175 '\257', type_flags = 156 '\234', const_flags = 67 'C', reserved = 47 '/'}, type_info = 792960175}, u2 = {var_flags = 32765, next = 32765, cache_slot = 32765, lineno = 32765, num_args = 32765, fe_pos = 32765, fe_iter_idx = 32765}}
        retval = <optimized out>
        opened_path = 0x0
#16 0x0000000000891737 in ZEND_INCLUDE_OR_EVAL_SPEC_CV_HANDLER () at /tmp/php-build/source/7.0.5/Zend/zend_vm_execute.h:29215
        new_op_array = 0x0
        inc_filename = 0x7ff17d417310
        tmp_inc_filename = {value = {lval = 0, dval = 0, counted = 0x0, str = 0x0, arr = 0x0, obj = 0x0, res = 0x0, ref = 0x0, ast = 0x0, zv = 0x0, ptr = 0x0, ce = 0x0, func = 0x0, ww = {w1 = 0, w2 = 0}}, u1 = {v = {type = 0 '\000', type_flags = 0 '\000', const_flags = 0 '\000', reserved = 0 '\000'}, type_info = 0}, u2 = {var_flags = 32753, next = 32753, cache_slot = 32753, lineno = 32753, num_args = 32753, fe_pos = 32753, fe_iter_idx = 32753}}
        failure_retval = 0 '\000'
#17 0x000000000084be8b in execute_ex (ex=<optimized out>) at /tmp/php-build/source/7.0.5/Zend/zend_vm_execute.h:414
        orig_opline = 0x7ff17d404938
        orig_execute_data = 0x7ff17d417200
#18 0x00007ff17cf9d3ef in xdebug_execute_ex (execute_data=0x7ff17d4172b0) at /tmp/php-build/source/xdebug-2.4.0/xdebug.c:1890
        op_array = 0x7ff17d471780
        edata = <optimized out>
        dummy = <optimized out>
        fse = 0x25b3060
        xfse = <optimized out>
        magic_cookie = <optimized out>
        do_return = 0
        function_nr = 23912
        le = <optimized out>
#19 0x0000000000889690 in ZEND_DO_FCALL_SPEC_HANDLER () at /tmp/php-build/source/7.0.5/Zend/zend_vm_execute.h:800
        call = 0x7ff17d4172b0
        fbc = 0x7ff17d404938
        object = <optimized out>
        ret = <optimized out>
#20 0x000000000084be8b in execute_ex (ex=<optimized out>) at /tmp/php-build/source/7.0.5/Zend/zend_vm_execute.h:414
        orig_opline = 0x7ff17d4045f8
        orig_execute_data = 0x11767c0 <executor_globals>
#21 0x00007ff17cf9d3ef in xdebug_execute_ex (execute_data=0x7ff17d417200) at /tmp/php-build/source/xdebug-2.4.0/xdebug.c:1890
        op_array = 0x7ff17d465bc0
        edata = <optimized out>
        dummy = <optimized out>
        fse = 0x25b11a0
        xfse = <optimized out>
        magic_cookie = <optimized out>
        do_return = 0
        function_nr = 23910
        le = <optimized out>
#22 0x0000000000802074 in zend_call_function (fci=fci@entry=0x7ffd2f43a140, fci_cache=fci_cache@entry=0x7ffd2f43a110) at /tmp/php-build/source/7.0.5/Zend/zend_execute_API.c:863
        call_via_handler = 0
        i = <optimized out>
        calling_scope = <optimized out>
        call = 0x6e
        dummy_execute_data = {opline = 0x7ff17d548d40, call = 0x0, return_value = 0x0, func = 0x7ff17cf84a00 <beanspeak_globals>, This = {value = {lval = 140675155744512, dval = 6.9502761676730265e-310, counted = 0x7ff17cafd700, str = 0x7ff17cafd700, arr = 0x7ff17cafd700, obj = 0x7ff17cafd700, res = 0x7ff17cafd700, ref = 0x7ff17cafd700, ast = 0x7ff17cafd700, zv = 0x7ff17cafd700, ptr = 0x7ff17cafd700, ce = 0x7ff17cafd700, func = 0x7ff17cafd700, ww = {w1 = 2091898624, w2 = 32753}}, u1 = {v = {type = 0 '\000', type_flags = 0 '\000', const_flags = 0 '\000', reserved = 0 '\000'}, type_info = 0}, u2 = {var_flags = 0, next = 0, cache_slot = 0, lineno = 0, num_args = 0, fe_pos = 0, fe_iter_idx = 0}}, called_scope = 0x7ffd2f43a0f8, prev_execute_data = 0x0, symbol_table = 0x0, run_time_cache = 0x0, literals = 0x1}
        fci_cache_local = {initialized = 192 '\300', function_handler = 0x7ffd2f43a0c0, calling_scope = 0x7ffd2f43a0c0, called_scope = 0x7ffd2f43a0c0, object = 0x100000000}
        func = 0x7ff17d4045f8
        orig_scope = 0x0
#23 0x000000000082bd24 in zend_call_method (object=0x7ff17d45c908, obj_ce=<optimized out>, fn_proxy=0x7ff17d45c900, function_name=0x7ff17d4ad478 "composer\\autoload\\classloader::loadclass\001", function_name_len=<optimized out>, retval_ptr=retval_ptr@entry=0x0, param_count=param_count@entry=1, arg1=0x7ff17d4171f0, arg2=arg2@entry=0x0) at /tmp/php-build/source/7.0.5/Zend/zend_interfaces.c:104
        fcic = {initialized = 1 '\001', function_handler = 0x7ff17d4045f8, calling_scope = 0x7ff17d403600, called_scope = 0x7ff17d403600, object = 0x7ff17d4709c0}
        result = <optimized out>
        fci = {size = 72, function_table = 0x25792a0, function_name = {value = {lval = 140675156026864, dval = 6.9502761816230688e-310, counted = 0x7ff17cb425f0, str = 0x7ff17cb425f0, arr = 0x7ff17cb425f0, obj = 0x7ff17cb425f0, res = 0x7ff17cb425f0, ref = 0x7ff17cb425f0, ast = 0x7ff17cb425f0, zv = 0x7ff17cb425f0, ptr = 0x7ff17cb425f0, ce = 0x7ff17cb425f0, func = 0x7ff17cb425f0, ww = {w1 = 2092180976, w2 = 32753}}, u1 = {v = {type = 6 '\006', type_flags = 20 '\024', const_flags = 0 '\000', reserved = 0 '\000'}, type_info = 5126}, u2 = {var_flags = 32753, next = 32753, cache_slot = 32753, lineno = 32753, num_args = 32753, fe_pos = 32753, fe_iter_idx = 32753}}, symbol_table = 0x0, retval = 0x7ffd2f43a0e0, params = 0x7ffd2f43a0f0, object = 0x7ff17d4709c0, no_separation = 1 '\001', param_count = 1}
        retval = {value = {lval = 140675162872224, dval = 6.9502765198287898e-310, counted = 0x7ff17d1c99a0 <xdebug_globals>, str = 0x7ff17d1c99a0 <xdebug_globals>, arr = 0x7ff17d1c99a0 <xdebug_globals>, obj = 0x7ff17d1c99a0 <xdebug_globals>, res = 0x7ff17d1c99a0 <xdebug_globals>, ref = 0x7ff17d1c99a0 <xdebug_globals>, ast = 0x7ff17d1c99a0 <xdebug_globals>, zv = 0x7ff17d1c99a0 <xdebug_globals>, ptr = 0x7ff17d1c99a0 <xdebug_globals>, ce = 0x7ff17d1c99a0 <xdebug_globals>, func = 0x7ff17d1c99a0 <xdebug_globals>, ww = {w1 = 2099026336, w2 = 32753}}, u1 = {v = {type = 0 '\000', type_flags = 0 '\000', const_flags = 0 '\000', reserved = 0 '\000'}, type_info = 0}, u2 = {var_flags = 0, next = 0, cache_slot = 0, lineno = 0, num_args = 0, fe_pos = 0, fe_iter_idx = 0}}
        function_table = <optimized out>
        params = {{value = {lval = 140675165954608, dval = 6.9502766721187939e-310, counted = 0x7ff17d4ba230, str = 0x7ff17d4ba230, arr = 0x7ff17d4ba230, obj = 0x7ff17d4ba230, res = 0x7ff17d4ba230, ref = 0x7ff17d4ba230, ast = 0x7ff17d4ba230, zv = 0x7ff17d4ba230, ptr = 0x7ff17d4ba230, ce = 0x7ff17d4ba230, func = 0x7ff17d4ba230, ww = {w1 = 2102108720, w2 = 32753}}, u1 = {v = {type = 6 '\006', type_flags = 0 '\000', const_flags = 0 '\000', reserved = 0 '\000'}, type_info = 6}, u2 = {var_flags = 48, next = 48, cache_slot = 48, lineno = 48, num_args = 48, fe_pos = 48, fe_iter_idx = 48}}, {value = {lval = 140725396414928, dval = 6.9527583866006843e-310, counted = 0x7ffd2f43a1d0, str = 0x7ffd2f43a1d0, arr = 0x7ffd2f43a1d0, obj = 0x7ffd2f43a1d0, res = 0x7ffd2f43a1d0, ref = 0x7ffd2f43a1d0, ast = 0x7ffd2f43a1d0, zv = 0x7ffd2f43a1d0, ptr = 0x7ffd2f43a1d0, ce = 0x7ffd2f43a1d0, func = 0x7ffd2f43a1d0, ww = {w1 = 792961488, w2 = 32765}}, u1 = {v = {type = 16 '\020', type_flags = 161 '\241', const_flags = 67 'C', reserved = 47 '/'}, type_info = 792961296}, u2 = {var_flags = 32765, next = 32765, cache_slot = 32765, lineno = 32765, num_args = 32765, fe_pos = 32765, fe_iter_idx = 32765}}}
#24 0x00000000006cecf4 in zif_spl_autoload_call (execute_data=<optimized out>, return_value=<optimized out>) at /tmp/php-build/source/7.0.5/ext/spl/php_spl.c:429
        pos = 0
        num_idx = 140675165286800
        l_autoload_running = 0
        class_name = 0x7ff17d4171f0
        lc_name = 0x7ff17cad9800
        func_name = 0x7ff17d4ad460
#25 0x00007ff17cf9ded5 in xdebug_execute_internal (current_execute_data=0x7ff17d417190, return_value=0x7ffd2f43a3b0) at /tmp/php-build/source/xdebug-2.4.0/xdebug.c:2037
        edata = <optimized out>
        fse = 0x25b2ee0
        do_return = 0
        function_nr = 23909
        restore_error_handler_situation = 0
        tmp_error_cb = 0x0
#26 0x00000000008024c8 in zend_call_function (fci=fci@entry=0x7ffd2f43a3f0, fci_cache=fci_cache@entry=0x7ffd2f43a3c0) at /tmp/php-build/source/7.0.5/Zend/zend_execute_API.c:884
        call_via_handler = 0
        i = <optimized out>
        calling_scope = <optimized out>
        call = 0x6e
        dummy_execute_data = {opline = 0x0, call = 0x0, return_value = 0x0, func = 0x0, This = {value = {lval = 140675154833280, dval = 6.9502761226521839e-310, counted = 0x7ff17ca1ef80, str = 0x7ff17ca1ef80, arr = 0x7ff17ca1ef80, obj = 0x7ff17ca1ef80, res = 0x7ff17ca1ef80, ref = 0x7ff17ca1ef80, ast = 0x7ff17ca1ef80, zv = 0x7ff17ca1ef80, ptr = 0x7ff17ca1ef80, ce = 0x7ff17ca1ef80, func = 0x7ff17ca1ef80, ww = {w1 = 2090987392, w2 = 32753}}, u1 = {v = {type = 8 '\b', type_flags = 12 '\f', const_flags = 0 '\000', reserved = 2 '\002'}, type_info = 33557512}, u2 = {var_flags = 0, next = 0, cache_slot = 0, lineno = 0, num_args = 0, fe_pos = 0, fe_iter_idx = 0}}, called_scope = 0x7ff17ca9b7a0, prev_execute_data = 0x7ff17d416fa0, symbol_table = 0x0, run_time_cache = 0x7ff17cb511b8, literals = 0x7ff17d5eb700}
        fci_cache_local = {initialized = 56 '8', function_handler = 0x4746454443424100, calling_scope = 0x4f4e4d4c4b4a4948, called_scope = 0x5756555453525150, object = 0x5f00005c005a5958}
        func = 0x2411f30
        orig_scope = 0x7ff17d5b7410
#27 0x0000000000802792 in zend_lookup_class_ex (name=name@entry=0x7ff17d4ba230, key=0x7ff17d5eb810, use_autoload=use_autoload@entry=1) at /tmp/php-build/source/7.0.5/Zend/zend_execute_API.c:1044
        ce = <optimized out>
        args = {{value = {lval = 140675165954608, dval = 6.9502766721187939e-310, counted = 0x7ff17d4ba230, str = 0x7ff17d4ba230, arr = 0x7ff17d4ba230, obj = 0x7ff17d4ba230, res = 0x7ff17d4ba230, ref = 0x7ff17d4ba230, ast = 0x7ff17d4ba230, zv = 0x7ff17d4ba230, ptr = 0x7ff17d4ba230, ce = 0x7ff17d4ba230, func = 0x7ff17d4ba230, ww = {w1 = 2102108720, w2 = 32753}}, u1 = {v = {type = 6 '\006', type_flags = 0 '\000', const_flags = 0 '\000', reserved = 0 '\000'}, type_info = 6}, u2 = {var_flags = 32765, next = 32765, cache_slot = 32765, lineno = 32765, num_args = 32765, fe_pos = 32765, fe_iter_idx = 32765}}}
        local_retval = {value = {lval = 140675167205152, dval = 6.9502767339038768e-310, counted = 0x7ff17d5eb720, str = 0x7ff17d5eb720, arr = 0x7ff17d5eb720, obj = 0x7ff17d5eb720, res = 0x7ff17d5eb720, ref = 0x7ff17d5eb720, ast = 0x7ff17d5eb720, zv = 0x7ff17d5eb720, ptr = 0x7ff17d5eb720, ce = 0x7ff17d5eb720, func = 0x7ff17d5eb720, ww = {w1 = 2103359264, w2 = 32753}}, u1 = {v = {type = 1 '\001', type_flags = 0 '\000', const_flags = 0 '\000', reserved = 0 '\000'}, type_info = 1}, u2 = {var_flags = 32753, next = 32753, cache_slot = 32753, lineno = 32753, num_args = 32753, fe_pos = 32753, fe_iter_idx = 32753}}
        lc_name = 0x7ff17d52ed40
        fcall_info = {size = 72, function_table = 0x23cf9a0, function_name = {value = {lval = 37822016, dval = 1.868655876205796e-316, counted = 0x2411e40, str = 0x2411e40, arr = 0x2411e40, obj = 0x2411e40, res = 0x2411e40, ref = 0x2411e40, ast = 0x2411e40, zv = 0x2411e40, ptr = 0x2411e40, ce = 0x2411e40, func = 0x2411e40, ww = {w1 = 37822016, w2 = 0}}, u1 = {v = {type = 6 '\006', type_flags = 0 '\000', const_flags = 0 '\000', reserved = 0 '\000'}, type_info = 6}, u2 = {var_flags = 32753, next = 32753, cache_slot = 32753, lineno = 32753, num_args = 32753, fe_pos = 32753, fe_iter_idx = 32753}}, symbol_table = 0x0, retval = 0x7ffd2f43a3b0, params = 0x7ffd2f43a3a0, object = 0x0, no_separation = 1 '\001', param_count = 1}
        fcall_cache = {initialized = 1 '\001', function_handler = 0x2411f30, calling_scope = 0x0, called_scope = 0x0, object = 0x0}
#28 0x00000000008030d8 in zend_fetch_class_by_name (class_name=0x7ff17d4ba230, key=<optimized out>, fetch_type=fetch_type@entry=512) at /tmp/php-build/source/7.0.5/Zend/zend_execute_API.c:1390
        ce = <optimized out>
#29 0x0000000000892958 in ZEND_NEW_SPEC_CONST_HANDLER () at /tmp/php-build/source/7.0.5/Zend/zend_vm_execute.h:3354
        object_zval = {value = {lval = 140675167261280, dval = 6.9502767366769685e-310, counted = 0x7ff17d5f9260, str = 0x7ff17d5f9260, arr = 0x7ff17d5f9260, obj = 0x7ff17d5f9260, res = 0x7ff17d5f9260, ref = 0x7ff17d5f9260, ast = 0x7ff17d5f9260, zv = 0x7ff17d5f9260, ptr = 0x7ff17d5f9260, ce = 0x7ff17d5f9260, func = 0x7ff17d5f9260, ww = {w1 = 2103415392, w2 = 32753}}, u1 = {v = {type = 168 '\250', type_flags = 190 '\276', const_flags = 91 '[', reserved = 125 '}'}, type_info = 2103164584}, u2 = {var_flags = 32753, next = 32753, cache_slot = 32753, lineno = 32753, num_args = 32753, fe_pos = 32753, fe_iter_idx = 32753}}
        constructor = <optimized out>
        ce = 0x0
#30 0x000000000084be8b in execute_ex (ex=<optimized out>) at /tmp/php-build/source/7.0.5/Zend/zend_vm_execute.h:414
        orig_opline = 0x7ff17d5bbea8
        orig_execute_data = 0x7ff17d4167d0
#31 0x00007ff17cf9d3ef in xdebug_execute_ex (execute_data=0x7ff17d416fa0) at /tmp/php-build/source/xdebug-2.4.0/xdebug.c:1890
        op_array = 0x7ff17d5f9280
        edata = <optimized out>
        dummy = <optimized out>
        fse = 0x25b0df0
        xfse = <optimized out>
        magic_cookie = <optimized out>
        do_return = 0
        function_nr = 23908
        le = <optimized out>
#32 0x0000000000889690 in ZEND_DO_FCALL_SPEC_HANDLER () at /tmp/php-build/source/7.0.5/Zend/zend_vm_execute.h:800
        call = 0x7ff17d416fa0
        fbc = 0x7ff17d5bbea8
        object = <optimized out>
        ret = <optimized out>
#33 0x000000000084be8b in execute_ex (ex=<optimized out>) at /tmp/php-build/source/7.0.5/Zend/zend_vm_execute.h:414
        orig_opline = 0x7ff17d5b8d18
        orig_execute_data = 0x7ff17d415d20
#34 0x00007ff17cf9d3ef in xdebug_execute_ex (execute_data=0x7ff17d4167d0) at /tmp/php-build/source/xdebug-2.4.0/xdebug.c:1890
        op_array = 0x7ff17d5f20c0
        edata = <optimized out>
        dummy = <optimized out>
        fse = 0x25b1720
        xfse = <optimized out>
        magic_cookie = <optimized out>
        do_return = 0
        function_nr = 23731
        le = <optimized out>
#35 0x0000000000889690 in ZEND_DO_FCALL_SPEC_HANDLER () at /tmp/php-build/source/7.0.5/Zend/zend_vm_execute.h:800
        call = 0x7ff17d4167d0
        fbc = 0x7ff17d5b8d18
        object = <optimized out>
        ret = <optimized out>
#36 0x000000000084be8b in execute_ex (ex=<optimized out>) at /tmp/php-build/source/7.0.5/Zend/zend_vm_execute.h:414
        orig_opline = 0x7ff17caa5198
        orig_execute_data = 0x7ff17d4152e0
#37 0x00007ff17cf9d3ef in xdebug_execute_ex (execute_data=0x7ff17d415d20) at /tmp/php-build/source/xdebug-2.4.0/xdebug.c:1890
        op_array = 0x7ff17cb3f860
        edata = <optimized out>
        dummy = <optimized out>
        fse = 0x25b1080
        xfse = <optimized out>
        magic_cookie = <optimized out>
        do_return = 0
        function_nr = 23687
        le = <optimized out>
#38 0x0000000000889690 in ZEND_DO_FCALL_SPEC_HANDLER () at /tmp/php-build/source/7.0.5/Zend/zend_vm_execute.h:800
        call = 0x7ff17d415d20
        fbc = 0x7ff17caa5198
        object = <optimized out>
        ret = <optimized out>
#39 0x000000000084be8b in execute_ex (ex=<optimized out>) at /tmp/php-build/source/7.0.5/Zend/zend_vm_execute.h:414
        orig_opline = 0x7ff17d5b8c48
        orig_execute_data = 0x7ff17d414d00
#40 0x00007ff17cf9d3ef in xdebug_execute_ex (execute_data=0x7ff17d4152e0) at /tmp/php-build/source/xdebug-2.4.0/xdebug.c:1890
        op_array = 0x7ff17d5ef140
        edata = <optimized out>
        dummy = <optimized out>
        fse = 0x25b2220
        xfse = <optimized out>
        magic_cookie = <optimized out>
        do_return = 0
        function_nr = 23679
        le = <optimized out>
#41 0x0000000000889690 in ZEND_DO_FCALL_SPEC_HANDLER () at /tmp/php-build/source/7.0.5/Zend/zend_vm_execute.h:800
        call = 0x7ff17d4152e0
        fbc = 0x7ff17d5b8c48
        object = <optimized out>
        ret = <optimized out>
#42 0x000000000084be8b in execute_ex (ex=<optimized out>) at /tmp/php-build/source/7.0.5/Zend/zend_vm_execute.h:414
        orig_opline = 0x7ff17ca9cc30
        orig_execute_data = 0x7ff17d4136b0
#43 0x00007ff17cf9d3ef in xdebug_execute_ex (execute_data=0x7ff17d414d00) at /tmp/php-build/source/xdebug-2.4.0/xdebug.c:1890
        op_array = 0x7ff17caf3040
        edata = <optimized out>
        dummy = <optimized out>
        fse = 0x25035f0
        xfse = <optimized out>
        magic_cookie = <optimized out>
        do_return = 0
        function_nr = 20721
        le = <optimized out>
#44 0x0000000000889690 in ZEND_DO_FCALL_SPEC_HANDLER () at /tmp/php-build/source/7.0.5/Zend/zend_vm_execute.h:800
        call = 0x7ff17d414d00
        fbc = 0x7ff17ca9cc30
        object = <optimized out>
        ret = <optimized out>
#45 0x000000000084be8b in execute_ex (ex=<optimized out>) at /tmp/php-build/source/7.0.5/Zend/zend_vm_execute.h:414
        orig_opline = 0x7ff17d40fd40
        orig_execute_data = 0x7ff17d413290
#46 0x00007ff17cf9d3ef in xdebug_execute_ex (execute_data=0x7ff17d4136b0) at /tmp/php-build/source/xdebug-2.4.0/xdebug.c:1890
        op_array = 0x7ff17d5537e0
        edata = <optimized out>
        dummy = <optimized out>
        fse = 0x2502d80
        xfse = <optimized out>
        magic_cookie = <optimized out>
        do_return = 0
        function_nr = 20651
        le = <optimized out>
#47 0x0000000000889690 in ZEND_DO_FCALL_SPEC_HANDLER () at /tmp/php-build/source/7.0.5/Zend/zend_vm_execute.h:800
        call = 0x7ff17d4136b0
        fbc = 0x7ff17d40fd40
        object = <optimized out>
        ret = <optimized out>
#48 0x000000000084be8b in execute_ex (ex=<optimized out>) at /tmp/php-build/source/7.0.5/Zend/zend_vm_execute.h:414
        orig_opline = 0x7ff17d40dbe8
        orig_execute_data = 0x7ff17d4131a0
#49 0x00007ff17cf9d3ef in xdebug_execute_ex (execute_data=0x7ff17d413290) at /tmp/php-build/source/xdebug-2.4.0/xdebug.c:1890
        op_array = 0x7ff17d515c80
        edata = <optimized out>
        dummy = <optimized out>
        fse = 0x2578f90
        xfse = <optimized out>
        magic_cookie = <optimized out>
        do_return = 0
        function_nr = 102
        le = <optimized out>
#50 0x0000000000889690 in ZEND_DO_FCALL_SPEC_HANDLER () at /tmp/php-build/source/7.0.5/Zend/zend_vm_execute.h:800
        call = 0x7ff17d413290
        fbc = 0x7ff17d40dbe8
        object = <optimized out>
        ret = <optimized out>
#51 0x000000000084be8b in execute_ex (ex=<optimized out>) at /tmp/php-build/source/7.0.5/Zend/zend_vm_execute.h:414
        orig_opline = 0x7ff17d40db18
        orig_execute_data = 0x7ff17d413030
#52 0x00007ff17cf9d3ef in xdebug_execute_ex (execute_data=0x7ff17d4131a0) at /tmp/php-build/source/xdebug-2.4.0/xdebug.c:1890
        op_array = 0x7ff17d487300
        edata = <optimized out>
        dummy = <optimized out>
        fse = 0x2578db0
        xfse = <optimized out>
        magic_cookie = <optimized out>
        do_return = 0
        function_nr = 101
        le = <optimized out>
#53 0x0000000000889690 in ZEND_DO_FCALL_SPEC_HANDLER () at /tmp/php-build/source/7.0.5/Zend/zend_vm_execute.h:800
        call = 0x7ff17d4131a0
        fbc = 0x7ff17d40db18
        object = <optimized out>
        ret = <optimized out>
#54 0x000000000084be8b in execute_ex (ex=<optimized out>) at /tmp/php-build/source/7.0.5/Zend/zend_vm_execute.h:414
        orig_opline = 0x7ff17d46a0e0
        orig_execute_data = 0x0
#55 0x00007ff17cf9d3ef in xdebug_execute_ex (execute_data=0x7ff17d413030) at /tmp/php-build/source/xdebug-2.4.0/xdebug.c:1890
        op_array = 0x7ff17d4889e0
        edata = <optimized out>
        dummy = <optimized out>
        fse = 0x24fd160
        xfse = <optimized out>
        magic_cookie = <optimized out>
        do_return = 0
        function_nr = 0
        le = <optimized out>
#56 0x0000000000894e47 in zend_execute (op_array=op_array@entry=0x7ff17d46a0e0, return_value=return_value@entry=0x0) at /tmp/php-build/source/7.0.5/Zend/zend_vm_execute.h:458
        execute_data = 0x7ff17d413030
#57 0x000000000080fd44 in zend_execute_scripts (type=type@entry=8, retval=retval@entry=0x0, file_count=file_count@entry=3) at /tmp/php-build/source/7.0.5/Zend/zend.c:1427
        files = {{gp_offset = 40, fp_offset = 0, overflow_arg_area = 0x7ffd2f43af00, reg_save_area = 0x7ffd2f43ae90}}
        i = 1
        file_handle = 0x7ffd2f43d260
        op_array = 0x7ff17d46a0e0
#58 0x00000000007b3f28 in php_execute_script (primary_file=primary_file@entry=0x7ffd2f43d260) at /tmp/php-build/source/7.0.5/main/main.c:2487
        realfile = "/app/vendor/phpunit/phpunit/phpunit\000[", '\000' <repeats 19 times>, "n\000\000\000w", '\000' <repeats 11 times>, "O\301C/\375\177\000\000|\000\000\000\000\000\000\000p\302C/\375\177\000\000|\000\000\000\000\000\000\000@\231B\002\000\000\000\000\340m\027\001\000\000\000\000\260\004E\002\000\000\000\000\022\000\000\000\022", '\000' <repeats 11 times>, "\003\000\000\000\003", '\000' <repeats 24 times>, "\177\000\000\000\000\000\000\000\000\000\000\066\000\000\000\000\000\000\000\200\300C/", '\000' <repeats 32 times>...
        __orig_bailout = 0x7ffd2f43d2d0
        __bailout = {{__jmpbuf = {1, 1444703252374441, 37549648, 38656240, 0, 37549648, 1444705867522985, -141274699537495}, __mask_was_saved = 0, __saved_mask = {__val = {1, 395581719604, 288, 18446603348313128721, 511101108243, 4, 140724603453492, 140725396422896, 15397291464079164416, 390842024060, 140725396427680, 37549648, 140725396427184, 0, 0, 37549648}}}}
        prepend_file_p = 0x0
        append_file_p = 0x0
        prepend_file = {handle = {fd = 0, fp = 0x0, stream = {handle = 0x0, isatty = 0, mmap = {len = 0, pos = 0, map = 0x0, buf = 0x0, old_handle = 0x0, old_closer = 0x0}, reader = 0x0, fsizer = 0x0, closer = 0x0}}, filename = 0x0, opened_path = 0x0, type = ZEND_HANDLE_FILENAME, free_filename = 0 '\000'}
        append_file = {handle = {fd = 0, fp = 0x0, stream = {handle = 0x0, isatty = 0, mmap = {len = 0, pos = 0, map = 0x0, buf = 0x0, old_handle = 0x0, old_closer = 0x0}, reader = 0x0, fsizer = 0x0, closer = 0x0}}, filename = 0x0, opened_path = 0x0, type = ZEND_HANDLE_FILENAME, free_filename = 0 '\000'}
        old_cwd = 0x7ffd2f43af00 ""
        retval = 0
#59 0x0000000000896a18 in do_cli (argc=3, argv=0x23cf600) at /tmp/php-build/source/7.0.5/sapi/cli/php_cli.c:974
        __orig_bailout = 0x7ffd2f43e470
        __bailout = {{__jmpbuf = {0, 1444703968551849, 140725396431972, 0, 0, 18156032, 1444703254471593, -142497756879959}, __mask_was_saved = 0, __saved_mask = {__val = {14454017, 14454041, 14315321, 14315342, 14454054, 14454074, 14454091, 14454655, 14454112, 14454126, 14454148, 14454167, 14454194, 14454223, 0, 7165064483209180463}}}}
        c = <optimized out>
        file_handle = {handle = {fd = 2101817360, fp = 0x7ff17d473010, stream = {handle = 0x7ff17d473010, isatty = 0, mmap = {len = 1133, pos = 0, map = 0x7ff184635000, buf = 0x7ff184635013 <error: Cannot access memory at address 0x7ff184635013>, old_handle = 0x24fd130, old_closer = 0x82aca0 <zend_stream_stdio_closer>}, reader = 0x82acd0 <zend_stream_stdio_reader>, fsizer = 0x82ac40 <zend_stream_stdio_fsizer>, closer = 0x82abc0 <zend_stream_mmap_closer>}}, filename = 0x23cf650 "/app/vendor/bin/phpunit", opened_path = 0x0, type = ZEND_HANDLE_MAPPED, free_filename = 0 '\000'}
        behavior = <optimized out>
        reflection_what = 0x0
        request_started = 1
        exit_status = 0
        php_optarg = 0x0
        php_optind = 2
        exec_direct = 0x0
        exec_run = 0x0
        exec_begin = 0x0
        exec_end = 0x0
        arg_free = <optimized out>
        arg_excp = <optimized out>
        script_file = <optimized out>
        translated_path = <optimized out>
        interactive = 0
        lineno = 2
        param_error = <optimized out>
        hide_argv = 0
#60 0x00000000004419c0 in main (argc=3, argv=0x23cf600) at /tmp/php-build/source/7.0.5/sapi/cli/php_cli.c:1344
        __orig_bailout = 0x0
        __bailout = {{__jmpbuf = {37550256, 1444703968551849, 140725396431972, 0, 0, 18156032, 1444703885714345, -140751464045655}, __mask_was_saved = 0, __saved_mask = {__val = {0, 390842023936, 0, 0, 140675284981024, 140725396432144, 140725396432128, 4131212846, 4310786, 4294967295, 140675282797911, 140675240137128, 140675284911336, 140675284911304, 140675240117928, 1}}}}
        c = <optimized out>
        exit_status = 0
        module_started = 1
        sapi_started = 1
        php_optarg = 0x0
        php_optind = 1
        use_extended_info = 0
        ini_path_override = 0x0
        ini_entries = 0x23cf8b0 "html_errors=0\nregister_argc_argv=1\nimplicit_flush=1\noutput_buffering=0\nmax_execution_time=0\nmax_input_time=-1\n"
        ini_entries_len = 0
        ini_ignore = 0
        sapi_module = <optimized out>
(gdb) rax            0x7ff17d400050 140675165192272
rbx            0x7ff17d400040   140675165192256
rcx            0xb  11
rdx            0x2  2
rsi            0x2  2
rdi            0x17 23
rbp            0x7ff17cb45580   0x7ff17cb45580
rsp            0x7ffd2f4395d0   0x7ffd2f4395d0
r8             0x7ffd2f43963f   140725396411967
r9             0x6e 110
r10            0x80 128
r11            0x18 24
r12            0x7ff17cb0845000 36012839881953280
r13            0x145580 1332608
r14            0x400000 4194304
r15            0x3325f8 3352056
rip            0x7ec316 0x7ec316 <zend_mm_realloc_heap+486>
eflags         0x10206  [ PF IF RF ]
cs             0x33 51
ss             0x2b 43
ds             0x0  0
es             0x0  0
fs             0x0  0
gs             0x0  0
(gdb) => 0x7ec316 <zend_mm_realloc_heap+486>:   mov    (%r12),%rdx
   0x7ec31a <zend_mm_realloc_heap+490>: mov    %rdx,0x20(%rax)
   0x7ec31e <zend_mm_realloc_heap+494>: jmp    0x7ec38a <zend_mm_realloc_heap+602>
   0x7ec320 <zend_mm_realloc_heap+496>: mov    0x10(%rdi),%rax
   0x7ec324 <zend_mm_realloc_heap+500>: test   %rax,%rax
   0x7ec327 <zend_mm_realloc_heap+503>: je     0x7ec350 <zend_mm_realloc_heap+544>
   0x7ec329 <zend_mm_realloc_heap+505>: mov    %r11,0x10(%rsp)
   0x7ec32e <zend_mm_realloc_heap+510>: mov    %r10,%rdx
   0x7ec331 <zend_mm_realloc_heap+513>: mov    %r10,0x8(%rsp)
   0x7ec336 <zend_mm_realloc_heap+518>: mov    %r14,%rcx
   0x7ec339 <zend_mm_realloc_heap+521>: mov    %rbp,%rsi
   0x7ec33c <zend_mm_realloc_heap+524>: callq  *%rax
   0x7ec33e <zend_mm_realloc_heap+526>: test   %eax,%eax
   0x7ec340 <zend_mm_realloc_heap+528>: mov    0x8(%rsp),%r10
   0x7ec345 <zend_mm_realloc_heap+533>: mov    0x10(%rsp),%r11
   0x7ec34a <zend_mm_realloc_heap+538>: jne    0x7ecbd2 <zend_mm_realloc_heap+2722>
(gdb) 
Thread 1 (Thread 0x7ff18461a780 (LWP 186)):
#0  zend_mm_alloc_small (size=<optimized out>, bin_num=2, heap=0x7ff17d400040) at /tmp/php-build/source/7.0.5/Zend/zend_alloc.c:1295
#1  zend_mm_alloc_heap (size=<optimized out>, heap=0x7ff17d400040) at /tmp/php-build/source/7.0.5/Zend/zend_alloc.c:1366
#2  zend_mm_realloc_heap (heap=0x7ff17d400040, ptr=0x7ff17cb45580, size=<optimized out>, copy_size=24) at /tmp/php-build/source/7.0.5/Zend/zend_alloc.c:1644
#3  0x00000000008057da in pass_two (op_array=0x7ff17cb51498) at /tmp/php-build/source/7.0.5/Zend/zend_opcode.c:594
#4  0x00000000007feb51 in zend_compile_func_decl (result=result@entry=0x0, ast=ast@entry=0x7ff17cb5e678) at /tmp/php-build/source/7.0.5/Zend/zend_compile.c:4912
#5  0x00000000007fcc8a in zend_compile_stmt (ast=0x7ff17cb5e678) at /tmp/php-build/source/7.0.5/Zend/zend_compile.c:7065
#6  0x00000000007fd4f7 in zend_compile_stmt_list (ast=ast@entry=0x7ff17cb5e108) at /tmp/php-build/source/7.0.5/Zend/zend_compile.c:4358
#7  0x00000000007fcb0e in zend_compile_stmt (ast=ast@entry=0x7ff17cb5e108) at /tmp/php-build/source/7.0.5/Zend/zend_compile.c:7009
#8  0x00000000007fd82d in zend_compile_class_decl (ast=ast@entry=0x7ff17cb61200) at /tmp/php-build/source/7.0.5/Zend/zend_compile.c:5305
#9  0x00000000007fcc28 in zend_compile_stmt (ast=ast@entry=0x7ff17cb61200) at /tmp/php-build/source/7.0.5/Zend/zend_compile.c:7077
#10 0x00000000007fee4a in zend_compile_top_stmt (ast=0x7ff17cb61200) at /tmp/php-build/source/7.0.5/Zend/zend_compile.c:6983
#11 0x00000000007fee8f in zend_compile_top_stmt (ast=0x7ff17cb5e018) at /tmp/php-build/source/7.0.5/Zend/zend_compile.c:6978
#12 0x00000000007dad06 in compile_file (file_handle=<optimized out>, type=<optimized out>) at Zend/zend_language_scanner.l:607
#13 0x000000000065a7b0 in phar_compile_file (file_handle=<optimized out>, type=<optimized out>) at /tmp/php-build/source/7.0.5/ext/phar/phar.c:3322
#14 0x00007ff17cf9c8bd in xdebug_compile_file (file_handle=<optimized out>, type=<optimized out>) at /tmp/php-build/source/xdebug-2.4.0/xdebug.c:2112
#15 0x00000000007dae05 in compile_filename (type=2, filename=filename@entry=0x7ff17d417310) at Zend/zend_language_scanner.l:647
#16 0x0000000000891737 in ZEND_INCLUDE_OR_EVAL_SPEC_CV_HANDLER () at /tmp/php-build/source/7.0.5/Zend/zend_vm_execute.h:29215
#17 0x000000000084be8b in execute_ex (ex=<optimized out>) at /tmp/php-build/source/7.0.5/Zend/zend_vm_execute.h:414
#18 0x00007ff17cf9d3ef in xdebug_execute_ex (execute_data=0x7ff17d4172b0) at /tmp/php-build/source/xdebug-2.4.0/xdebug.c:1890
#19 0x0000000000889690 in ZEND_DO_FCALL_SPEC_HANDLER () at /tmp/php-build/source/7.0.5/Zend/zend_vm_execute.h:800
#20 0x000000000084be8b in execute_ex (ex=<optimized out>) at /tmp/php-build/source/7.0.5/Zend/zend_vm_execute.h:414
#21 0x00007ff17cf9d3ef in xdebug_execute_ex (execute_data=0x7ff17d417200) at /tmp/php-build/source/xdebug-2.4.0/xdebug.c:1890
#22 0x0000000000802074 in zend_call_function (fci=fci@entry=0x7ffd2f43a140, fci_cache=fci_cache@entry=0x7ffd2f43a110) at /tmp/php-build/source/7.0.5/Zend/zend_execute_API.c:863
#23 0x000000000082bd24 in zend_call_method (object=0x7ff17d45c908, obj_ce=<optimized out>, fn_proxy=0x7ff17d45c900, function_name=0x7ff17d4ad478 "composer\\autoload\\classloader::loadclass\001", function_name_len=<optimized out>, retval_ptr=retval_ptr@entry=0x0, param_count=param_count@entry=1, arg1=0x7ff17d4171f0, arg2=arg2@entry=0x0) at /tmp/php-build/source/7.0.5/Zend/zend_interfaces.c:104
#24 0x00000000006cecf4 in zif_spl_autoload_call (execute_data=<optimized out>, return_value=<optimized out>) at /tmp/php-build/source/7.0.5/ext/spl/php_spl.c:429
#25 0x00007ff17cf9ded5 in xdebug_execute_internal (current_execute_data=0x7ff17d417190, return_value=0x7ffd2f43a3b0) at /tmp/php-build/source/xdebug-2.4.0/xdebug.c:2037
#26 0x00000000008024c8 in zend_call_function (fci=fci@entry=0x7ffd2f43a3f0, fci_cache=fci_cache@entry=0x7ffd2f43a3c0) at /tmp/php-build/source/7.0.5/Zend/zend_execute_API.c:884
#27 0x0000000000802792 in zend_lookup_class_ex (name=name@entry=0x7ff17d4ba230, key=0x7ff17d5eb810, use_autoload=use_autoload@entry=1) at /tmp/php-build/source/7.0.5/Zend/zend_execute_API.c:1044
#28 0x00000000008030d8 in zend_fetch_class_by_name (class_name=0x7ff17d4ba230, key=<optimized out>, fetch_type=fetch_type@entry=512) at /tmp/php-build/source/7.0.5/Zend/zend_execute_API.c:1390
#29 0x0000000000892958 in ZEND_NEW_SPEC_CONST_HANDLER () at /tmp/php-build/source/7.0.5/Zend/zend_vm_execute.h:3354
#30 0x000000000084be8b in execute_ex (ex=<optimized out>) at /tmp/php-build/source/7.0.5/Zend/zend_vm_execute.h:414
#31 0x00007ff17cf9d3ef in xdebug_execute_ex (execute_data=0x7ff17d416fa0) at /tmp/php-build/source/xdebug-2.4.0/xdebug.c:1890
#32 0x0000000000889690 in ZEND_DO_FCALL_SPEC_HANDLER () at /tmp/php-build/source/7.0.5/Zend/zend_vm_execute.h:800
#33 0x000000000084be8b in execute_ex (ex=<optimized out>) at /tmp/php-build/source/7.0.5/Zend/zend_vm_execute.h:414
#34 0x00007ff17cf9d3ef in xdebug_execute_ex (execute_data=0x7ff17d4167d0) at /tmp/php-build/source/xdebug-2.4.0/xdebug.c:1890
#35 0x0000000000889690 in ZEND_DO_FCALL_SPEC_HANDLER () at /tmp/php-build/source/7.0.5/Zend/zend_vm_execute.h:800
#36 0x000000000084be8b in execute_ex (ex=<optimized out>) at /tmp/php-build/source/7.0.5/Zend/zend_vm_execute.h:414
#37 0x00007ff17cf9d3ef in xdebug_execute_ex (execute_data=0x7ff17d415d20) at /tmp/php-build/source/xdebug-2.4.0/xdebug.c:1890
#38 0x0000000000889690 in ZEND_DO_FCALL_SPEC_HANDLER () at /tmp/php-build/source/7.0.5/Zend/zend_vm_execute.h:800
#39 0x000000000084be8b in execute_ex (ex=<optimized out>) at /tmp/php-build/source/7.0.5/Zend/zend_vm_execute.h:414
#40 0x00007ff17cf9d3ef in xdebug_execute_ex (execute_data=0x7ff17d4152e0) at /tmp/php-build/source/xdebug-2.4.0/xdebug.c:1890
#41 0x0000000000889690 in ZEND_DO_FCALL_SPEC_HANDLER () at /tmp/php-build/source/7.0.5/Zend/zend_vm_execute.h:800
#42 0x000000000084be8b in execute_ex (ex=<optimized out>) at /tmp/php-build/source/7.0.5/Zend/zend_vm_execute.h:414
#43 0x00007ff17cf9d3ef in xdebug_execute_ex (execute_data=0x7ff17d414d00) at /tmp/php-build/source/xdebug-2.4.0/xdebug.c:1890
#44 0x0000000000889690 in ZEND_DO_FCALL_SPEC_HANDLER () at /tmp/php-build/source/7.0.5/Zend/zend_vm_execute.h:800
#45 0x000000000084be8b in execute_ex (ex=<optimized out>) at /tmp/php-build/source/7.0.5/Zend/zend_vm_execute.h:414
#46 0x00007ff17cf9d3ef in xdebug_execute_ex (execute_data=0x7ff17d4136b0) at /tmp/php-build/source/xdebug-2.4.0/xdebug.c:1890
#47 0x0000000000889690 in ZEND_DO_FCALL_SPEC_HANDLER () at /tmp/php-build/source/7.0.5/Zend/zend_vm_execute.h:800
#48 0x000000000084be8b in execute_ex (ex=<optimized out>) at /tmp/php-build/source/7.0.5/Zend/zend_vm_execute.h:414
#49 0x00007ff17cf9d3ef in xdebug_execute_ex (execute_data=0x7ff17d413290) at /tmp/php-build/source/xdebug-2.4.0/xdebug.c:1890
#50 0x0000000000889690 in ZEND_DO_FCALL_SPEC_HANDLER () at /tmp/php-build/source/7.0.5/Zend/zend_vm_execute.h:800
#51 0x000000000084be8b in execute_ex (ex=<optimized out>) at /tmp/php-build/source/7.0.5/Zend/zend_vm_execute.h:414
#52 0x00007ff17cf9d3ef in xdebug_execute_ex (execute_data=0x7ff17d4131a0) at /tmp/php-build/source/xdebug-2.4.0/xdebug.c:1890
#53 0x0000000000889690 in ZEND_DO_FCALL_SPEC_HANDLER () at /tmp/php-build/source/7.0.5/Zend/zend_vm_execute.h:800
#54 0x000000000084be8b in execute_ex (ex=<optimized out>) at /tmp/php-build/source/7.0.5/Zend/zend_vm_execute.h:414
#55 0x00007ff17cf9d3ef in xdebug_execute_ex (execute_data=0x7ff17d413030) at /tmp/php-build/source/xdebug-2.4.0/xdebug.c:1890
#56 0x0000000000894e47 in zend_execute (op_array=op_array@entry=0x7ff17d46a0e0, return_value=return_value@entry=0x0) at /tmp/php-build/source/7.0.5/Zend/zend_vm_execute.h:458
#57 0x000000000080fd44 in zend_execute_scripts (type=type@entry=8, retval=retval@entry=0x0, file_count=file_count@entry=3) at /tmp/php-build/source/7.0.5/Zend/zend.c:1427
#58 0x00000000007b3f28 in php_execute_script (primary_file=primary_file@entry=0x7ffd2f43d260) at /tmp/php-build/source/7.0.5/main/main.c:2487
#59 0x0000000000896a18 in do_cli (argc=3, argv=0x23cf600) at /tmp/php-build/source/7.0.5/sapi/cli/php_cli.c:974
#60 0x00000000004419c0 in main (argc=3, argv=0x23cf600) at /tmp/php-build/source/7.0.5/sapi/cli/php_cli.c:1344

```

**Comment by sergeyklay** [comment]
Note: The segmentation fault happens only after connect. In this case:

``` php
class ConnectTest extends \PHPUnit_Framework_TestCase
{
    public function testConnection()
    {
        $client = new \Beanspeak\Fclose;

        $client->disconnect();
    }
}
```

all OK

**Comment by sergeyklay** [comment]
Used `zephir builddev --ZendEngine3`, `zephir build --ZendEngine3`, `zephir builddev`, `zephir build` 
all the same.

```
$ zephir version
0.9.2a-dev
```

**Comment by sergeyklay** [comment]
I simplified the code

``` zephir
namespace Beanspeak;

class Fclose
{
    protected socket;

    public function connect() -> void
    {
        var socket;

        let socket = pfsockopen("172.24.0.1", 11300, null, null, 5);

        if typeof socket != "resource" {
            throw new \Exception("Can't estabilish connection.");
        }

        stream_set_timeout(socket, -1, null);

        let this->socket = socket;
    }

    public function disconnect() -> boolean
    {
        fclose(this->socket);
        let this->socket = null;

        return true;
    }
}
```

**result:**

```
Reading symbols from /usr/local/phpenv/versions/7.0.5/bin/php...done.
[New LWP 188]
[Thread debugging using libthread_db enabled]
Using host libthread_db library "/lib/x86_64-linux-gnu/libthread_db.so.1".
Core was generated by `php /app/vendor/bin/phpunit tests/ConnectTest.php'.
Program terminated with signal SIGSEGV, Segmentation fault.
#0  zend_mm_alloc_small (size=<optimized out>, bin_num=2, heap=0x7f50b6a00040) at /tmp/php-build/source/7.0.5/Zend/zend_alloc.c:1295
1295    /tmp/php-build/source/7.0.5/Zend/zend_alloc.c: No such file or directory.
(gdb) (gdb) #0  zend_mm_alloc_small (size=<optimized out>, bin_num=2, heap=0x7f50b6a00040) at /tmp/php-build/source/7.0.5/Zend/zend_alloc.c:1295
        p = 0x7f50b610845000
#1  zend_mm_alloc_heap (size=<optimized out>, heap=0x7f50b6a00040) at /tmp/php-build/source/7.0.5/Zend/zend_alloc.c:1366
        ptr = 0x7f50b6a00050
#2  zend_mm_realloc_heap (heap=0x7f50b6a00040, ptr=0x7f50b6145580, size=<optimized out>, copy_size=24) at /tmp/php-build/source/7.0.5/Zend/zend_alloc.c:1644
        orig_peak = 3352160
        orig_real_peak = 4194304
        page_offset = 1332608
        old_size = 128
        new_size = <optimized out>
#3  0x00000000008057da in pass_two (op_array=0x7f50b6151498) at /tmp/php-build/source/7.0.5/Zend/zend_opcode.c:594
        opline = <optimized out>
        end = <optimized out>
#4  0x00000000007feb51 in zend_compile_func_decl (result=result@entry=0x0, ast=ast@entry=0x7f50b615e678) at /tmp/php-build/source/7.0.5/Zend/zend_compile.c:4912
        decl = 0x7f50b615e678
        params_ast = 0x7f50b615e1a0
        uses_ast = 0x0
        stmt_ast = 0x7f50b615e1d0
        return_type_ast = 0x0
        is_method = 1 '\001'
        orig_op_array = 0x7f50b60f89a0
        op_array = 0x7f50b6151498
        orig_oparray_context = {opcodes_size = 64, vars_size = 0, literals_size = 16, current_brk_cont = -1, backpatch_count = 0, in_finally = 0, fast_call_var = 4294967295, labels = 0x0}
#5  0x00000000007fcc8a in zend_compile_stmt (ast=0x7f50b615e678) at /tmp/php-build/source/7.0.5/Zend/zend_compile.c:7065
No locals.
#6  0x00000000007fd4f7 in zend_compile_stmt_list (ast=ast@entry=0x7f50b615e108) at /tmp/php-build/source/7.0.5/Zend/zend_compile.c:4358
        i = 0
#7  0x00000000007fcb0e in zend_compile_stmt (ast=ast@entry=0x7f50b615e108) at /tmp/php-build/source/7.0.5/Zend/zend_compile.c:7009
No locals.
#8  0x00000000007fd82d in zend_compile_class_decl (ast=ast@entry=0x7f50b6161200) at /tmp/php-build/source/7.0.5/Zend/zend_compile.c:5305
        decl = 0x7f50b6161200
        extends_ast = 0x0
        implements_ast = 0x0
        stmt_ast = 0x7f50b615e108
        name = <optimized out>
        lcname = <optimized out>
        import_name = <optimized out>
        ce = 0x7f50b61512a0
        opline = 0x7f50b6a7e060
        declare_node = {op_type = 4 '\004', flag = 226 '\342', u = {op = {constant = 0, var = 0, num = 0, opline_num = 0, jmp_offset = 0}, constant = {value = {lval = 139981574111232, dval = 6.9160086819140155e-310, counted = 0x7f5000000000, str = 0x7f5000000000, arr = 0x7f5000000000, obj = 0x7f5000000000, res = 0x7f5000000000, ref = 0x7f5000000000, ast = 0x7f5000000000, zv = 0x7f5000000000, ptr = 0x7f5000000000, ce = 0x7f5000000000, func = 0x7f5000000000, ww = {w1 = 0, w2 = 32592}}, u1 = {v = {type = 240 '\360', type_flags = 140 '\214', const_flags = 9 '\t', reserved = 182 '\266'}, type_info = 3054079216}, u2 = {var_flags = 32592, next = 32592, cache_slot = 32592, lineno = 32592, num_args = 32592, fe_pos = 32592, fe_iter_idx = 32592}}}}
        extends_node = {op_type = 224 '\340', flag = 215 '\327', u = {op = {constant = 3054775264, var = 3054775264, num = 3054775264, opline_num = 3054775264, jmp_offset = 3054775264}, constant = {value = {lval = 139984628886496, dval = 6.9161596078653863e-310, counted = 0x7f50b6142be0, str = 0x7f50b6142be0, arr = 0x7f50b6142be0, obj = 0x7f50b6142be0, res = 0x7f50b6142be0, ref = 0x7f50b6142be0, ast = 0x7f50b6142be0, zv = 0x7f50b6142be0, ptr = 0x7f50b6142be0, ce = 0x7f50b6142be0, func = 0x7f50b6142be0, ww = {w1 = 3054775264, w2 = 32592}}, u1 = {v = {type = 240 '\360', type_flags = 140 '\214', const_flags = 9 '\t', reserved = 182 '\266'}, type_info = 3054079216}, u2 = {var_flags = 32592, next = 32592, cache_slot = 32592, lineno = 32592, num_args = 32592, fe_pos = 32592, fe_iter_idx = 32592}}}}
        original_ce = 0x0
        original_implementing_class = {op_type = 0 '\000', flag = 0 '\000', u = {op = {constant = 0, var = 0, num = 0, opline_num = 0, jmp_offset = 0}, constant = {value = {lval = 0, dval = 0, counted = 0x0, str = 0x0, arr = 0x0, obj = 0x0, res = 0x0, ref = 0x0, ast = 0x0, zv = 0x0, ptr = 0x0, ce = 0x0, func = 0x0, ww = {w1 = 0, w2 = 0}}, u1 = {v = {type = 0 '\000', type_flags = 0 '\000', const_flags = 0 '\000', reserved = 0 '\000'}, type_info = 0}, u2 = {var_flags = 0, next = 0, cache_slot = 0, lineno = 0, num_args = 0, fe_pos = 0, fe_iter_idx = 0}}}}
#9  0x00000000007fcc28 in zend_compile_stmt (ast=ast@entry=0x7f50b6161200) at /tmp/php-build/source/7.0.5/Zend/zend_compile.c:7077
No locals.
#10 0x00000000007fee4a in zend_compile_top_stmt (ast=0x7f50b6161200) at /tmp/php-build/source/7.0.5/Zend/zend_compile.c:6983
No locals.
#11 0x00000000007fee8f in zend_compile_top_stmt (ast=0x7f50b615e018) at /tmp/php-build/source/7.0.5/Zend/zend_compile.c:6978
        i = 2
#12 0x00000000007dad06 in compile_file (file_handle=<optimized out>, type=<optimized out>) at Zend/zend_language_scanner.l:607
        retval_zv = {value = {lval = 1, dval = 4.9406564584124654e-324, counted = 0x1, str = 0x1, arr = 0x1, obj = 0x1, res = 0x1, ref = 0x1, ast = 0x1, zv = 0x1, ptr = 0x1, ce = 0x1, func = 0x1, ww = {w1 = 1, w2 = 0}}, u1 = {v = {type = 4 '\004', type_flags = 0 '\000', const_flags = 0 '\000', reserved = 0 '\000'}, type_info = 4}, u2 = {var_flags = 0, next = 0, cache_slot = 0, lineno = 0, num_args = 0, fe_pos = 0, fe_iter_idx = 0}}
        original_file_context = {declarables = {ticks = 0}, implementing_class = {op_type = 0 '\000', flag = 0 '\000', u = {op = {constant = 0, var = 0, num = 0, opline_num = 0, jmp_offset = 0}, constant = {value = {lval = 0, dval = 0, counted = 0x0, str = 0x0, arr = 0x0, obj = 0x0, res = 0x0, ref = 0x0, ast = 0x0, zv = 0x0, ptr = 0x0, ce = 0x0, func = 0x0, ww = {w1 = 0, w2 = 0}}, u1 = {v = {type = 0 '\000', type_flags = 0 '\000', const_flags = 0 '\000', reserved = 0 '\000'}, type_info = 0}, u2 = {var_flags = 0, next = 0, cache_slot = 0, lineno = 0, num_args = 0, fe_pos = 0, fe_iter_idx = 0}}}}, current_namespace = 0x0, in_namespace = 0 '\000', has_bracketed_namespaces = 0 '\000', imports = 0x0, imports_function = 0x0, imports_const = 0x0}
        original_oparray_context = {opcodes_size = 0, vars_size = 0, literals_size = 0, current_brk_cont = 0, backpatch_count = 0, in_finally = 0, fast_call_var = 0, labels = 0x0}
        original_active_op_array = 0x0
        original_in_compilation = 0 '\000'
        original_lex_state = {yy_leng = 0, yy_start = 0x0, yy_text = 0x0, yy_cursor = 0x0, yy_marker = 0x0, yy_limit = 0x0, yy_state = 0, state_stack = {size = 4, top = 0, max = 0, elements = 0x0}, heredoc_label_stack = {top = 0, max = 0, elements = 0x0, top_element = 0x0, persistent = 0 '\000'}, in = 0x0, lineno = 0, filename = 0x0, script_org = 0x0, script_org_size = 0, script_filtered = 0x0, script_filtered_size = 0, input_filter = 0x0, output_filter = 0x0, script_encoding = 0x0, on_event = 0x0, ast = 0x0, ast_arena = 0x0}
        op_array = 0x7f50b60f89a0
#13 0x000000000065a7b0 in phar_compile_file (file_handle=<optimized out>, type=<optimized out>) at /tmp/php-build/source/7.0.5/ext/phar/phar.c:3322
        __orig_bailout = 0x7ffeade0a760
        __bailout = {{__jmpbuf = {139984638759576, 2640496700650178104, 140731815592912, 140731815592928, 139984638145200, 139984638515072, -2640879580765993416, 2640495905233847864}, __mask_was_saved = 0, __saved_mask = {__val = {140731815592735, 139984638146208, 139984756922390, 140728898420860, 140731815592784, 139984630913888, 140731815593056, 139984630924112, 139984633349592, 139984638146112, 139984718141280, 64, 36, 140731815593200, 139984638146016, 139984639967872}}}}
        res = <optimized out>
        name = 0x0
        failed = 0
        phar = 0x5
#14 0x00007f50b659c8bd in xdebug_compile_file (file_handle=<optimized out>, type=<optimized out>) at /tmp/php-build/source/xdebug-2.4.0/xdebug.c:2112
        op_array = <optimized out>
#15 0x00000000007dae05 in compile_filename (type=2, filename=filename@entry=0x7f50b6a17310) at Zend/zend_language_scanner.l:647
        file_handle = {handle = {fd = -1240490752, fp = 0x7f50b60f9d00, stream = {handle = 0x7f50b60f9d00, isatty = 0, mmap = {len = 4519, pos = 0, map = 0x0, buf = 0x7f50bdd6e000 <error: Cannot access memory at address 0x7f50bdd6e000>, old_handle = 0x0, old_closer = 0x0}, reader = 0x7c9dd0 <_php_stream_read>, fsizer = 0x7b1a10 <php_zend_stream_fsizer>, closer = 0x7b19f0 <php_zend_stream_mmap_closer>}}, filename = 0x7f50b6aad298 "/app/vendor/sebastian/global-state/src/Restorer.php", opened_path = 0x7f50b6142b90, type = ZEND_HANDLE_MAPPED, free_filename = 0 '\000'}
        tmp = {value = {lval = 390880811760, dval = 1.9312078070915512e-312, counted = 0x5b024fdaf0, str = 0x5b024fdaf0, arr = 0x5b024fdaf0, obj = 0x5b024fdaf0, res = 0x5b024fdaf0, ref = 0x5b024fdaf0, ast = 0x5b024fdaf0, zv = 0x5b024fdaf0, ptr = 0x5b024fdaf0, ce = 0x5b024fdaf0, func = 0x5b024fdaf0, ww = {w1 = 38787824, w2 = 91}}, u1 = {v = {type = 0 '\000', type_flags = 0 '\000', const_flags = 0 '\000', reserved = 0 '\000'}, type_info = 0}, u2 = {var_flags = 0, next = 0, cache_slot = 0, lineno = 0, num_args = 0, fe_pos = 0, fe_iter_idx = 0}}
        retval = <optimized out>
        opened_path = 0x0
#16 0x0000000000891737 in ZEND_INCLUDE_OR_EVAL_SPEC_CV_HANDLER () at /tmp/php-build/source/7.0.5/Zend/zend_vm_execute.h:29215
        new_op_array = 0x0
        inc_filename = 0x7f50b6a17310
        tmp_inc_filename = {value = {lval = 0, dval = 0, counted = 0x0, str = 0x0, arr = 0x0, obj = 0x0, res = 0x0, ref = 0x0, ast = 0x0, zv = 0x0, ptr = 0x0, ce = 0x0, func = 0x0, ww = {w1 = 0, w2 = 0}}, u1 = {v = {type = 0 '\000', type_flags = 0 '\000', const_flags = 0 '\000', reserved = 0 '\000'}, type_info = 0}, u2 = {var_flags = 32592, next = 32592, cache_slot = 32592, lineno = 32592, num_args = 32592, fe_pos = 32592, fe_iter_idx = 32592}}
        failure_retval = 0 '\000'
#17 0x000000000084be8b in execute_ex (ex=<optimized out>) at /tmp/php-build/source/7.0.5/Zend/zend_vm_execute.h:414
        orig_opline = 0x7f50b6a04938
        orig_execute_data = 0x7f50b6a17200
#18 0x00007f50b659d3ef in xdebug_execute_ex (execute_data=0x7f50b6a172b0) at /tmp/php-build/source/xdebug-2.4.0/xdebug.c:1890
        op_array = 0x7f50b6a71780
        edata = <optimized out>
        dummy = <optimized out>
        fse = 0x266e1c0
        xfse = <optimized out>
        magic_cookie = <optimized out>
        do_return = 0
        function_nr = 23914
        le = <optimized out>
#19 0x0000000000889690 in ZEND_DO_FCALL_SPEC_HANDLER () at /tmp/php-build/source/7.0.5/Zend/zend_vm_execute.h:800
        call = 0x7f50b6a172b0
        fbc = 0x7f50b6a04938
        object = <optimized out>
        ret = <optimized out>
#20 0x000000000084be8b in execute_ex (ex=<optimized out>) at /tmp/php-build/source/7.0.5/Zend/zend_vm_execute.h:414
        orig_opline = 0x7f50b6a045f8
        orig_execute_data = 0x11767c0 <executor_globals>
#21 0x00007f50b659d3ef in xdebug_execute_ex (execute_data=0x7f50b6a17200) at /tmp/php-build/source/xdebug-2.4.0/xdebug.c:1890
        op_array = 0x7f50b6a65bc0
        edata = <optimized out>
        dummy = <optimized out>
        fse = 0x266fc50
        xfse = <optimized out>
        magic_cookie = <optimized out>
        do_return = 0
        function_nr = 23912
        le = <optimized out>
#22 0x0000000000802074 in zend_call_function (fci=fci@entry=0x7ffeade08890, fci_cache=fci_cache@entry=0x7ffeade08860) at /tmp/php-build/source/7.0.5/Zend/zend_execute_API.c:863
        call_via_handler = 0
        i = <optimized out>
        calling_scope = <optimized out>
        call = 0x6e
        dummy_execute_data = {opline = 0x25afa40, call = 0x0, return_value = 0x0, func = 0x7ffeade087d0, This = {value = {lval = 139984628602624, dval = 6.916159593840246e-310, counted = 0x7f50b60fd700, str = 0x7f50b60fd700, arr = 0x7f50b60fd700, obj = 0x7f50b60fd700, res = 0x7f50b60fd700, ref = 0x7f50b60fd700, ast = 0x7f50b60fd700, zv = 0x7f50b60fd700, ptr = 0x7f50b60fd700, ce = 0x7f50b60fd700, func = 0x7f50b60fd700, ww = {w1 = 3054491392, w2 = 32592}}, u1 = {v = {type = 0 '\000', type_flags = 0 '\000', const_flags = 0 '\000', reserved = 0 '\000'}, type_info = 0}, u2 = {var_flags = 0, next = 0, cache_slot = 0, lineno = 0, num_args = 0, fe_pos = 0, fe_iter_idx = 0}}, called_scope = 0x7ffeade08848, prev_execute_data = 0x0, symbol_table = 0x0, run_time_cache = 0x0, literals = 0x1}
        fci_cache_local = {initialized = 16 '\020', function_handler = 0x6011767c0, calling_scope = 0x7f50b637cade, called_scope = 0x7ffeade08830, object = 0x100000000}
        func = 0x7f50b6a045f8
        orig_scope = 0x0
#23 0x000000000082bd24 in zend_call_method (object=0x7f50b6a5c908, obj_ce=<optimized out>, fn_proxy=0x7f50b6a5c900, function_name=0x7f50b6aad478 "composer\\autoload\\classloader::loadclass\001", function_name_len=<optimized out>, retval_ptr=retval_ptr@entry=0x0, param_count=param_count@entry=1, arg1=0x7f50b6a171f0, arg2=arg2@entry=0x0) at /tmp/php-build/source/7.0.5/Zend/zend_interfaces.c:104
        fcic = {initialized = 1 '\001', function_handler = 0x7f50b6a045f8, calling_scope = 0x7f50b6a03600, called_scope = 0x7f50b6a03600, object = 0x7f50b6a709c0}
        result = <optimized out>
        fci = {size = 72, function_table = 0x26362c0, function_name = {value = {lval = 139984628884976, dval = 6.9161596077902884e-310, counted = 0x7f50b61425f0, str = 0x7f50b61425f0, arr = 0x7f50b61425f0, obj = 0x7f50b61425f0, res = 0x7f50b61425f0, ref = 0x7f50b61425f0, ast = 0x7f50b61425f0, zv = 0x7f50b61425f0, ptr = 0x7f50b61425f0, ce = 0x7f50b61425f0, func = 0x7f50b61425f0, ww = {w1 = 3054773744, w2 = 32592}}, u1 = {v = {type = 6 '\006', type_flags = 20 '\024', const_flags = 0 '\000', reserved = 0 '\000'}, type_info = 5126}, u2 = {var_flags = 32592, next = 32592, cache_slot = 32592, lineno = 32592, num_args = 32592, fe_pos = 32592, fe_iter_idx = 32592}}, symbol_table = 0x0, retval = 0x7ffeade08830, params = 0x7ffeade08840, object = 0x7f50b6a709c0, no_separation = 1 '\001', param_count = 1}
        retval = {value = {lval = 139984635730336, dval = 6.9161599459960093e-310, counted = 0x7f50b67c99a0 <xdebug_globals>, str = 0x7f50b67c99a0 <xdebug_globals>, arr = 0x7f50b67c99a0 <xdebug_globals>, obj = 0x7f50b67c99a0 <xdebug_globals>, res = 0x7f50b67c99a0 <xdebug_globals>, ref = 0x7f50b67c99a0 <xdebug_globals>, ast = 0x7f50b67c99a0 <xdebug_globals>, zv = 0x7f50b67c99a0 <xdebug_globals>, ptr = 0x7f50b67c99a0 <xdebug_globals>, ce = 0x7f50b67c99a0 <xdebug_globals>, func = 0x7f50b67c99a0 <xdebug_globals>, ww = {w1 = 3061619104, w2 = 32592}}, u1 = {v = {type = 0 '\000', type_flags = 0 '\000', const_flags = 0 '\000', reserved = 0 '\000'}, type_info = 0}, u2 = {var_flags = 0, next = 0, cache_slot = 0, lineno = 0, num_args = 0, fe_pos = 0, fe_iter_idx = 0}}
        function_table = <optimized out>
        params = {{value = {lval = 139984638812720, dval = 6.9161600982860135e-310, counted = 0x7f50b6aba230, str = 0x7f50b6aba230, arr = 0x7f50b6aba230, obj = 0x7f50b6aba230, res = 0x7f50b6aba230, ref = 0x7f50b6aba230, ast = 0x7f50b6aba230, zv = 0x7f50b6aba230, ptr = 0x7f50b6aba230, ce = 0x7f50b6aba230, func = 0x7f50b6aba230, ww = {w1 = 3064701488, w2 = 32592}}, u1 = {v = {type = 6 '\006', type_flags = 0 '\000', const_flags = 0 '\000', reserved = 0 '\000'}, type_info = 6}, u2 = {var_flags = 48, next = 48, cache_slot = 48, lineno = 48, num_args = 48, fe_pos = 48, fe_iter_idx = 48}}, {value = {lval = 140731815594272, dval = 6.9530755361995208e-310, counted = 0x7ffeade08920, str = 0x7ffeade08920, arr = 0x7ffeade08920, obj = 0x7ffeade08920, res = 0x7ffeade08920, ref = 0x7ffeade08920, ast = 0x7ffeade08920, zv = 0x7ffeade08920, ptr = 0x7ffeade08920, ce = 0x7ffeade08920, func = 0x7ffeade08920, ww = {w1 = 2917173536, w2 = 32766}}, u1 = {v = {type = 96 '`', type_flags = 136 '\210', const_flags = 224 '\340', reserved = 173 '\255'}, type_info = 2917173344}, u2 = {var_flags = 32766, next = 32766, cache_slot = 32766, lineno = 32766, num_args = 32766, fe_pos = 32766, fe_iter_idx = 32766}}}
#24 0x00000000006cecf4 in zif_spl_autoload_call (execute_data=<optimized out>, return_value=<optimized out>) at /tmp/php-build/source/7.0.5/ext/spl/php_spl.c:429
        pos = 0
        num_idx = 139984638144912
        l_autoload_running = 0
        class_name = 0x7f50b6a171f0
        lc_name = 0x7f50b60d9800
        func_name = 0x7f50b6aad460
#25 0x00007f50b659ded5 in xdebug_execute_internal (current_execute_data=0x7f50b6a17190, return_value=0x7ffeade08b00) at /tmp/php-build/source/xdebug-2.4.0/xdebug.c:2037
        edata = <optimized out>
        fse = 0x266de10
        do_return = 0
        function_nr = 23911
        restore_error_handler_situation = 0
        tmp_error_cb = 0x0
#26 0x00000000008024c8 in zend_call_function (fci=fci@entry=0x7ffeade08b40, fci_cache=fci_cache@entry=0x7ffeade08b10) at /tmp/php-build/source/7.0.5/Zend/zend_execute_API.c:884
        call_via_handler = 0
        i = <optimized out>
        calling_scope = <optimized out>
        call = 0x6e
        dummy_execute_data = {opline = 0x0, call = 0x0, return_value = 0x0, func = 0x0, This = {value = {lval = 139984627691392, dval = 6.9161595488194034e-310, counted = 0x7f50b601ef80, str = 0x7f50b601ef80, arr = 0x7f50b601ef80, obj = 0x7f50b601ef80, res = 0x7f50b601ef80, ref = 0x7f50b601ef80, ast = 0x7f50b601ef80, zv = 0x7f50b601ef80, ptr = 0x7f50b601ef80, ce = 0x7f50b601ef80, func = 0x7f50b601ef80, ww = {w1 = 3053580160, w2 = 32592}}, u1 = {v = {type = 8 '\b', type_flags = 12 '\f', const_flags = 0 '\000', reserved = 2 '\002'}, type_info = 33557512}, u2 = {var_flags = 0, next = 0, cache_slot = 0, lineno = 0, num_args = 0, fe_pos = 0, fe_iter_idx = 0}}, called_scope = 0x7f50b609b7a0, prev_execute_data = 0x7f50b6a16fa0, symbol_table = 0x0, run_time_cache = 0x7f50b61511b8, literals = 0x7f50b6beb700}
        fci_cache_local = {initialized = 56 '8', function_handler = 0x4746454443424100, calling_scope = 0x4f4e4d4c4b4a4948, called_scope = 0x5756555453525150, object = 0x5f00005c005a5958}
        func = 0x24cef50
        orig_scope = 0x7f50b6bb7410
#27 0x0000000000802792 in zend_lookup_class_ex (name=name@entry=0x7f50b6aba230, key=0x7f50b6beb810, use_autoload=use_autoload@entry=1) at /tmp/php-build/source/7.0.5/Zend/zend_execute_API.c:1044
        ce = <optimized out>
        args = {{value = {lval = 139984638812720, dval = 6.9161600982860135e-310, counted = 0x7f50b6aba230, str = 0x7f50b6aba230, arr = 0x7f50b6aba230, obj = 0x7f50b6aba230, res = 0x7f50b6aba230, ref = 0x7f50b6aba230, ast = 0x7f50b6aba230, zv = 0x7f50b6aba230, ptr = 0x7f50b6aba230, ce = 0x7f50b6aba230, func = 0x7f50b6aba230, ww = {w1 = 3064701488, w2 = 32592}}, u1 = {v = {type = 6 '\006', type_flags = 0 '\000', const_flags = 0 '\000', reserved = 0 '\000'}, type_info = 6}, u2 = {var_flags = 32766, next = 32766, cache_slot = 32766, lineno = 32766, num_args = 32766, fe_pos = 32766, fe_iter_idx = 32766}}}
        local_retval = {value = {lval = 139984640063264, dval = 6.9161601600710964e-310, counted = 0x7f50b6beb720, str = 0x7f50b6beb720, arr = 0x7f50b6beb720, obj = 0x7f50b6beb720, res = 0x7f50b6beb720, ref = 0x7f50b6beb720, ast = 0x7f50b6beb720, zv = 0x7f50b6beb720, ptr = 0x7f50b6beb720, ce = 0x7f50b6beb720, func = 0x7f50b6beb720, ww = {w1 = 3065952032, w2 = 32592}}, u1 = {v = {type = 1 '\001', type_flags = 0 '\000', const_flags = 0 '\000', reserved = 0 '\000'}, type_info = 1}, u2 = {var_flags = 32592, next = 32592, cache_slot = 32592, lineno = 32592, num_args = 32592, fe_pos = 32592, fe_iter_idx = 32592}}
        lc_name = 0x7f50b6b2ed40
        fcall_info = {size = 72, function_table = 0x248c9c0, function_name = {value = {lval = 38596192, dval = 1.9069052527492753e-316, counted = 0x24cee60, str = 0x24cee60, arr = 0x24cee60, obj = 0x24cee60, res = 0x24cee60, ref = 0x24cee60, ast = 0x24cee60, zv = 0x24cee60, ptr = 0x24cee60, ce = 0x24cee60, func = 0x24cee60, ww = {w1 = 38596192, w2 = 0}}, u1 = {v = {type = 6 '\006', type_flags = 0 '\000', const_flags = 0 '\000', reserved = 0 '\000'}, type_info = 6}, u2 = {var_flags = 32592, next = 32592, cache_slot = 32592, lineno = 32592, num_args = 32592, fe_pos = 32592, fe_iter_idx = 32592}}, symbol_table = 0x0, retval = 0x7ffeade08b00, params = 0x7ffeade08af0, object = 0x0, no_separation = 1 '\001', param_count = 1}
        fcall_cache = {initialized = 1 '\001', function_handler = 0x24cef50, calling_scope = 0x0, called_scope = 0x0, object = 0x0}
#28 0x00000000008030d8 in zend_fetch_class_by_name (class_name=0x7f50b6aba230, key=<optimized out>, fetch_type=fetch_type@entry=512) at /tmp/php-build/source/7.0.5/Zend/zend_execute_API.c:1390
        ce = <optimized out>
#29 0x0000000000892958 in ZEND_NEW_SPEC_CONST_HANDLER () at /tmp/php-build/source/7.0.5/Zend/zend_vm_execute.h:3354
        object_zval = {value = {lval = 139984640119392, dval = 6.916160162844188e-310, counted = 0x7f50b6bf9260, str = 0x7f50b6bf9260, arr = 0x7f50b6bf9260, obj = 0x7f50b6bf9260, res = 0x7f50b6bf9260, ref = 0x7f50b6bf9260, ast = 0x7f50b6bf9260, zv = 0x7f50b6bf9260, ptr = 0x7f50b6bf9260, ce = 0x7f50b6bf9260, func = 0x7f50b6bf9260, ww = {w1 = 3066008160, w2 = 32592}}, u1 = {v = {type = 168 '\250', type_flags = 190 '\276', const_flags = 187 '\273', reserved = 182 '\266'}, type_info = 3065757352}, u2 = {var_flags = 32592, next = 32592, cache_slot = 32592, lineno = 32592, num_args = 32592, fe_pos = 32592, fe_iter_idx = 32592}}
        constructor = <optimized out>
        ce = 0x0
#30 0x000000000084be8b in execute_ex (ex=<optimized out>) at /tmp/php-build/source/7.0.5/Zend/zend_vm_execute.h:414
        orig_opline = 0x7f50b6bbbea8
        orig_execute_data = 0x7f50b6a167d0
#31 0x00007f50b659d3ef in xdebug_execute_ex (execute_data=0x7f50b6a16fa0) at /tmp/php-build/source/xdebug-2.4.0/xdebug.c:1890
        op_array = 0x7f50b6bf9280
        edata = <optimized out>
        dummy = <optimized out>
        fse = 0x266f370
        xfse = <optimized out>
        magic_cookie = <optimized out>
        do_return = 0
        function_nr = 23910
        le = <optimized out>
#32 0x0000000000889690 in ZEND_DO_FCALL_SPEC_HANDLER () at /tmp/php-build/source/7.0.5/Zend/zend_vm_execute.h:800
        call = 0x7f50b6a16fa0
        fbc = 0x7f50b6bbbea8
        object = <optimized out>
        ret = <optimized out>
#33 0x000000000084be8b in execute_ex (ex=<optimized out>) at /tmp/php-build/source/7.0.5/Zend/zend_vm_execute.h:414
        orig_opline = 0x7f50b6bb8d18
        orig_execute_data = 0x7f50b6a15d20
#34 0x00007f50b659d3ef in xdebug_execute_ex (execute_data=0x7f50b6a167d0) at /tmp/php-build/source/xdebug-2.4.0/xdebug.c:1890
        op_array = 0x7f50b6bf20c0
        edata = <optimized out>
        dummy = <optimized out>
        fse = 0x266e740
        xfse = <optimized out>
        magic_cookie = <optimized out>
        do_return = 0
        function_nr = 23731
        le = <optimized out>
#35 0x0000000000889690 in ZEND_DO_FCALL_SPEC_HANDLER () at /tmp/php-build/source/7.0.5/Zend/zend_vm_execute.h:800
        call = 0x7f50b6a167d0
        fbc = 0x7f50b6bb8d18
        object = <optimized out>
        ret = <optimized out>
#36 0x000000000084be8b in execute_ex (ex=<optimized out>) at /tmp/php-build/source/7.0.5/Zend/zend_vm_execute.h:414
        orig_opline = 0x7f50b60a5198
        orig_execute_data = 0x7f50b6a152e0
#37 0x00007f50b659d3ef in xdebug_execute_ex (execute_data=0x7f50b6a15d20) at /tmp/php-build/source/xdebug-2.4.0/xdebug.c:1890
        op_array = 0x7f50b613f860
        edata = <optimized out>
        dummy = <optimized out>
        fse = 0x266e0a0
        xfse = <optimized out>
        magic_cookie = <optimized out>
        do_return = 0
        function_nr = 23687
        le = <optimized out>
#38 0x0000000000889690 in ZEND_DO_FCALL_SPEC_HANDLER () at /tmp/php-build/source/7.0.5/Zend/zend_vm_execute.h:800
        call = 0x7f50b6a15d20
        fbc = 0x7f50b60a5198
        object = <optimized out>
        ret = <optimized out>
#39 0x000000000084be8b in execute_ex (ex=<optimized out>) at /tmp/php-build/source/7.0.5/Zend/zend_vm_execute.h:414
        orig_opline = 0x7f50b6bb8c48
        orig_execute_data = 0x7f50b6a14d00
#40 0x00007f50b659d3ef in xdebug_execute_ex (execute_data=0x7f50b6a152e0) at /tmp/php-build/source/xdebug-2.4.0/xdebug.c:1890
        op_array = 0x7f50b6bef140
        edata = <optimized out>
        dummy = <optimized out>
        fse = 0x266f240
        xfse = <optimized out>
        magic_cookie = <optimized out>
        do_return = 0
        function_nr = 23679
        le = <optimized out>
#41 0x0000000000889690 in ZEND_DO_FCALL_SPEC_HANDLER () at /tmp/php-build/source/7.0.5/Zend/zend_vm_execute.h:800
        call = 0x7f50b6a152e0
        fbc = 0x7f50b6bb8c48
        object = <optimized out>
        ret = <optimized out>
#42 0x000000000084be8b in execute_ex (ex=<optimized out>) at /tmp/php-build/source/7.0.5/Zend/zend_vm_execute.h:414
        orig_opline = 0x7f50b609cc30
        orig_execute_data = 0x7f50b6a136b0
#43 0x00007f50b659d3ef in xdebug_execute_ex (execute_data=0x7f50b6a14d00) at /tmp/php-build/source/xdebug-2.4.0/xdebug.c:1890
        op_array = 0x7f50b60f3040
        edata = <optimized out>
        dummy = <optimized out>
        fse = 0x25c0610
        xfse = <optimized out>
        magic_cookie = <optimized out>
        do_return = 0
        function_nr = 20721
        le = <optimized out>
#44 0x0000000000889690 in ZEND_DO_FCALL_SPEC_HANDLER () at /tmp/php-build/source/7.0.5/Zend/zend_vm_execute.h:800
        call = 0x7f50b6a14d00
        fbc = 0x7f50b609cc30
        object = <optimized out>
        ret = <optimized out>
#45 0x000000000084be8b in execute_ex (ex=<optimized out>) at /tmp/php-build/source/7.0.5/Zend/zend_vm_execute.h:414
        orig_opline = 0x7f50b6a0fd40
        orig_execute_data = 0x7f50b6a13290
#46 0x00007f50b659d3ef in xdebug_execute_ex (execute_data=0x7f50b6a136b0) at /tmp/php-build/source/xdebug-2.4.0/xdebug.c:1890
        op_array = 0x7f50b6b537e0
        edata = <optimized out>
        dummy = <optimized out>
        fse = 0x25bfda0
        xfse = <optimized out>
        magic_cookie = <optimized out>
        do_return = 0
        function_nr = 20651
        le = <optimized out>
#47 0x0000000000889690 in ZEND_DO_FCALL_SPEC_HANDLER () at /tmp/php-build/source/7.0.5/Zend/zend_vm_execute.h:800
        call = 0x7f50b6a136b0
        fbc = 0x7f50b6a0fd40
        object = <optimized out>
        ret = <optimized out>
#48 0x000000000084be8b in execute_ex (ex=<optimized out>) at /tmp/php-build/source/7.0.5/Zend/zend_vm_execute.h:414
        orig_opline = 0x7f50b6a0dbe8
        orig_execute_data = 0x7f50b6a131a0
#49 0x00007f50b659d3ef in xdebug_execute_ex (execute_data=0x7f50b6a13290) at /tmp/php-build/source/xdebug-2.4.0/xdebug.c:1890
        op_array = 0x7f50b6b15c80
        edata = <optimized out>
        dummy = <optimized out>
        fse = 0x2635fb0
        xfse = <optimized out>
        magic_cookie = <optimized out>
        do_return = 0
        function_nr = 102
        le = <optimized out>
#50 0x0000000000889690 in ZEND_DO_FCALL_SPEC_HANDLER () at /tmp/php-build/source/7.0.5/Zend/zend_vm_execute.h:800
        call = 0x7f50b6a13290
        fbc = 0x7f50b6a0dbe8
        object = <optimized out>
        ret = <optimized out>
#51 0x000000000084be8b in execute_ex (ex=<optimized out>) at /tmp/php-build/source/7.0.5/Zend/zend_vm_execute.h:414
        orig_opline = 0x7f50b6a0db18
        orig_execute_data = 0x7f50b6a13030
#52 0x00007f50b659d3ef in xdebug_execute_ex (execute_data=0x7f50b6a131a0) at /tmp/php-build/source/xdebug-2.4.0/xdebug.c:1890
        op_array = 0x7f50b6a87300
        edata = <optimized out>
        dummy = <optimized out>
        fse = 0x2635dd0
        xfse = <optimized out>
        magic_cookie = <optimized out>
        do_return = 0
        function_nr = 101
        le = <optimized out>
#53 0x0000000000889690 in ZEND_DO_FCALL_SPEC_HANDLER () at /tmp/php-build/source/7.0.5/Zend/zend_vm_execute.h:800
        call = 0x7f50b6a131a0
        fbc = 0x7f50b6a0db18
        object = <optimized out>
        ret = <optimized out>
#54 0x000000000084be8b in execute_ex (ex=<optimized out>) at /tmp/php-build/source/7.0.5/Zend/zend_vm_execute.h:414
        orig_opline = 0x7f50b6a6a0e0
        orig_execute_data = 0x0
#55 0x00007f50b659d3ef in xdebug_execute_ex (execute_data=0x7f50b6a13030) at /tmp/php-build/source/xdebug-2.4.0/xdebug.c:1890
        op_array = 0x7f50b6a889e0
        edata = <optimized out>
        dummy = <optimized out>
        fse = 0x25ba180
        xfse = <optimized out>
        magic_cookie = <optimized out>
        do_return = 0
        function_nr = 0
        le = <optimized out>
#56 0x0000000000894e47 in zend_execute (op_array=op_array@entry=0x7f50b6a6a0e0, return_value=return_value@entry=0x0) at /tmp/php-build/source/7.0.5/Zend/zend_vm_execute.h:458
        execute_data = 0x7f50b6a13030
#57 0x000000000080fd44 in zend_execute_scripts (type=type@entry=8, retval=retval@entry=0x0, file_count=file_count@entry=3) at /tmp/php-build/source/7.0.5/Zend/zend.c:1427
        files = {{gp_offset = 40, fp_offset = 0, overflow_arg_area = 0x7ffeade09650, reg_save_area = 0x7ffeade095e0}}
        i = 1
        file_handle = 0x7ffeade0b9b0
        op_array = 0x7f50b6a6a0e0
#58 0x00000000007b3f28 in php_execute_script (primary_file=primary_file@entry=0x7ffeade0b9b0) at /tmp/php-build/source/7.0.5/main/main.c:2487
        realfile = "/app/vendor/phpunit/phpunit/phpunit\000[", '\000' <repeats 19 times>, "n\000\000\000w", '\000' <repeats 11 times>, "\237\250\340\255\376\177\000\000|\000\000\000\000\000\000\000\300\251\340\255\376\177\000\000|\000\000\000\000\000\000\000`iN\002\000\000\000\000\340m\027\001\000\000\000\000\320\324P\002\000\000\000\000\022\000\000\000\022", '\000' <repeats 11 times>, "\003\000\000\000\003", '\000' <repeats 24 times>, "\177\000\000\000\000\000\000\000\000\000\000\066\000\000\000\000\000\000\000\320\247\340\255", '\000' <repeats 32 times>...
        __orig_bailout = 0x7ffeade0ba20
        __bailout = {{__jmpbuf = {1, -2640879582204639688, 38323824, 39430416, 0, 38323824, -2640879581191715272, 2640496089565906488}, __mask_was_saved = 0, __saved_mask = {__val = {1, 395581719604, 288, 18446603341893949377, 511101108243, 4, 140728898420788, 140731815602240, 8021971102622984448, 390842024060, 140731815607024, 38323824, 140731815606528, 0, 0, 38323824}}}}
        prepend_file_p = 0x0
        append_file_p = 0x0
        prepend_file = {handle = {fd = 0, fp = 0x0, stream = {handle = 0x0, isatty = 0, mmap = {len = 0, pos = 0, map = 0x0, buf = 0x0, old_handle = 0x0, old_closer = 0x0}, reader = 0x0, fsizer = 0x0, closer = 0x0}}, filename = 0x0, opened_path = 0x0, type = ZEND_HANDLE_FILENAME, free_filename = 0 '\000'}
        append_file = {handle = {fd = 0, fp = 0x0, stream = {handle = 0x0, isatty = 0, mmap = {len = 0, pos = 0, map = 0x0, buf = 0x0, old_handle = 0x0, old_closer = 0x0}, reader = 0x0, fsizer = 0x0, closer = 0x0}}, filename = 0x0, opened_path = 0x0, type = ZEND_HANDLE_FILENAME, free_filename = 0 '\000'}
        old_cwd = 0x7ffeade09650 ""
        retval = 0
#59 0x0000000000896a18 in do_cli (argc=3, argv=0x248c620) at /tmp/php-build/source/7.0.5/sapi/cli/php_cli.c:974
        __orig_bailout = 0x7ffeade0cbc0
        __bailout = {{__jmpbuf = {0, -2640879578319665608, 140731815611316, 0, 0, 18156032, -2640879582202542536, 2640495663217133112}, __mask_was_saved = 0, __saved_mask = {__val = {14454017, 14454041, 14315321, 14315342, 14454054, 14454074, 14454091, 14454655, 14454112, 14454126, 14454148, 14454167, 14454194, 14454223, 0, 7165064483209180463}}}}
        c = <optimized out>
        file_handle = {handle = {fd = -1230557168, fp = 0x7f50b6a73010, stream = {handle = 0x7f50b6a73010, isatty = 0, mmap = {len = 1133, pos = 0, map = 0x7f50bdd6f000, buf = 0x7f50bdd6f013 <error: Cannot access memory at address 0x7f50bdd6f013>, old_handle = 0x25ba150, old_closer = 0x82aca0 <zend_stream_stdio_closer>}, reader = 0x82acd0 <zend_stream_stdio_reader>, fsizer = 0x82ac40 <zend_stream_stdio_fsizer>, closer = 0x82abc0 <zend_stream_mmap_closer>}}, filename = 0x248c670 "/app/vendor/bin/phpunit", opened_path = 0x0, type = ZEND_HANDLE_MAPPED, free_filename = 0 '\000'}
        behavior = <optimized out>
        reflection_what = 0x0
        request_started = 1
        exit_status = 0
        php_optarg = 0x0
        php_optind = 2
        exec_direct = 0x0
        exec_run = 0x0
        exec_begin = 0x0
        exec_end = 0x0
        arg_free = <optimized out>
        arg_excp = <optimized out>
        script_file = <optimized out>
        translated_path = <optimized out>
        interactive = 0
        lineno = 2
        param_error = <optimized out>
        hide_argv = 0
#60 0x00000000004419c0 in main (argc=3, argv=0x248c620) at /tmp/php-build/source/7.0.5/sapi/cli/php_cli.c:1344
        __orig_bailout = 0x0
        __bailout = {{__jmpbuf = {38324432, -2640879578319665608, 140731815611316, 0, 0, 18156032, -2640879578341685704, 2640496184907417144}, __mask_was_saved = 0, __saved_mask = {__val = {0, 390842023936, 0, 0, 139984759125280, 140731815611488, 140731815611472, 4131212846, 4310786, 4294967295, 139984756942167, 139984714281384, 139984759055592, 139984759055560, 139984714262184, 1}}}}
        c = <optimized out>
        exit_status = 0
        module_started = 1
        sapi_started = 1
        php_optarg = 0x0
        php_optind = 1
        use_extended_info = 0
        ini_path_override = 0x0
        ini_entries = 0x248c8d0 "html_errors=0\nregister_argc_argv=1\nimplicit_flush=1\noutput_buffering=0\nmax_execution_time=0\nmax_input_time=-1\n"
        ini_entries_len = 0
        ini_ignore = 0
        sapi_module = <optimized out>
(gdb) rax            0x7f50b6a00050 139984638050384
rbx            0x7f50b6a00040   139984638050368
rcx            0xb  11
rdx            0x2  2
rsi            0x2  2
rdi            0x17 23
rbp            0x7f50b6145580   0x7f50b6145580
rsp            0x7ffeade07d20   0x7ffeade07d20
r8             0x7ffeade07d8f   140731815591311
r9             0x6e 110
r10            0x80 128
r11            0x18 24
r12            0x7f50b610845000 35836064933629952
r13            0x145580 1332608
r14            0x400000 4194304
r15            0x332660 3352160
rip            0x7ec316 0x7ec316 <zend_mm_realloc_heap+486>
eflags         0x10206  [ PF IF RF ]
cs             0x33 51
ss             0x2b 43
ds             0x0  0
es             0x0  0
fs             0x0  0
gs             0x0  0
(gdb) => 0x7ec316 <zend_mm_realloc_heap+486>:   mov    (%r12),%rdx
   0x7ec31a <zend_mm_realloc_heap+490>: mov    %rdx,0x20(%rax)
   0x7ec31e <zend_mm_realloc_heap+494>: jmp    0x7ec38a <zend_mm_realloc_heap+602>
   0x7ec320 <zend_mm_realloc_heap+496>: mov    0x10(%rdi),%rax
   0x7ec324 <zend_mm_realloc_heap+500>: test   %rax,%rax
   0x7ec327 <zend_mm_realloc_heap+503>: je     0x7ec350 <zend_mm_realloc_heap+544>
   0x7ec329 <zend_mm_realloc_heap+505>: mov    %r11,0x10(%rsp)
   0x7ec32e <zend_mm_realloc_heap+510>: mov    %r10,%rdx
   0x7ec331 <zend_mm_realloc_heap+513>: mov    %r10,0x8(%rsp)
   0x7ec336 <zend_mm_realloc_heap+518>: mov    %r14,%rcx
   0x7ec339 <zend_mm_realloc_heap+521>: mov    %rbp,%rsi
   0x7ec33c <zend_mm_realloc_heap+524>: callq  *%rax
   0x7ec33e <zend_mm_realloc_heap+526>: test   %eax,%eax
   0x7ec340 <zend_mm_realloc_heap+528>: mov    0x8(%rsp),%r10
   0x7ec345 <zend_mm_realloc_heap+533>: mov    0x10(%rsp),%r11
   0x7ec34a <zend_mm_realloc_heap+538>: jne    0x7ecbd2 <zend_mm_realloc_heap+2722>
(gdb) 
Thread 1 (Thread 0x7f50bdd54780 (LWP 188)):
#0  zend_mm_alloc_small (size=<optimized out>, bin_num=2, heap=0x7f50b6a00040) at /tmp/php-build/source/7.0.5/Zend/zend_alloc.c:1295
#1  zend_mm_alloc_heap (size=<optimized out>, heap=0x7f50b6a00040) at /tmp/php-build/source/7.0.5/Zend/zend_alloc.c:1366
#2  zend_mm_realloc_heap (heap=0x7f50b6a00040, ptr=0x7f50b6145580, size=<optimized out>, copy_size=24) at /tmp/php-build/source/7.0.5/Zend/zend_alloc.c:1644
#3  0x00000000008057da in pass_two (op_array=0x7f50b6151498) at /tmp/php-build/source/7.0.5/Zend/zend_opcode.c:594
#4  0x00000000007feb51 in zend_compile_func_decl (result=result@entry=0x0, ast=ast@entry=0x7f50b615e678) at /tmp/php-build/source/7.0.5/Zend/zend_compile.c:4912
#5  0x00000000007fcc8a in zend_compile_stmt (ast=0x7f50b615e678) at /tmp/php-build/source/7.0.5/Zend/zend_compile.c:7065
#6  0x00000000007fd4f7 in zend_compile_stmt_list (ast=ast@entry=0x7f50b615e108) at /tmp/php-build/source/7.0.5/Zend/zend_compile.c:4358
#7  0x00000000007fcb0e in zend_compile_stmt (ast=ast@entry=0x7f50b615e108) at /tmp/php-build/source/7.0.5/Zend/zend_compile.c:7009
#8  0x00000000007fd82d in zend_compile_class_decl (ast=ast@entry=0x7f50b6161200) at /tmp/php-build/source/7.0.5/Zend/zend_compile.c:5305
#9  0x00000000007fcc28 in zend_compile_stmt (ast=ast@entry=0x7f50b6161200) at /tmp/php-build/source/7.0.5/Zend/zend_compile.c:7077
#10 0x00000000007fee4a in zend_compile_top_stmt (ast=0x7f50b6161200) at /tmp/php-build/source/7.0.5/Zend/zend_compile.c:6983
#11 0x00000000007fee8f in zend_compile_top_stmt (ast=0x7f50b615e018) at /tmp/php-build/source/7.0.5/Zend/zend_compile.c:6978
#12 0x00000000007dad06 in compile_file (file_handle=<optimized out>, type=<optimized out>) at Zend/zend_language_scanner.l:607
#13 0x000000000065a7b0 in phar_compile_file (file_handle=<optimized out>, type=<optimized out>) at /tmp/php-build/source/7.0.5/ext/phar/phar.c:3322
#14 0x00007f50b659c8bd in xdebug_compile_file (file_handle=<optimized out>, type=<optimized out>) at /tmp/php-build/source/xdebug-2.4.0/xdebug.c:2112
#15 0x00000000007dae05 in compile_filename (type=2, filename=filename@entry=0x7f50b6a17310) at Zend/zend_language_scanner.l:647
#16 0x0000000000891737 in ZEND_INCLUDE_OR_EVAL_SPEC_CV_HANDLER () at /tmp/php-build/source/7.0.5/Zend/zend_vm_execute.h:29215
#17 0x000000000084be8b in execute_ex (ex=<optimized out>) at /tmp/php-build/source/7.0.5/Zend/zend_vm_execute.h:414
#18 0x00007f50b659d3ef in xdebug_execute_ex (execute_data=0x7f50b6a172b0) at /tmp/php-build/source/xdebug-2.4.0/xdebug.c:1890
#19 0x0000000000889690 in ZEND_DO_FCALL_SPEC_HANDLER () at /tmp/php-build/source/7.0.5/Zend/zend_vm_execute.h:800
#20 0x000000000084be8b in execute_ex (ex=<optimized out>) at /tmp/php-build/source/7.0.5/Zend/zend_vm_execute.h:414
#21 0x00007f50b659d3ef in xdebug_execute_ex (execute_data=0x7f50b6a17200) at /tmp/php-build/source/xdebug-2.4.0/xdebug.c:1890
#22 0x0000000000802074 in zend_call_function (fci=fci@entry=0x7ffeade08890, fci_cache=fci_cache@entry=0x7ffeade08860) at /tmp/php-build/source/7.0.5/Zend/zend_execute_API.c:863
#23 0x000000000082bd24 in zend_call_method (object=0x7f50b6a5c908, obj_ce=<optimized out>, fn_proxy=0x7f50b6a5c900, function_name=0x7f50b6aad478 "composer\\autoload\\classloader::loadclass\001", function_name_len=<optimized out>, retval_ptr=retval_ptr@entry=0x0, param_count=param_count@entry=1, arg1=0x7f50b6a171f0, arg2=arg2@entry=0x0) at /tmp/php-build/source/7.0.5/Zend/zend_interfaces.c:104
#24 0x00000000006cecf4 in zif_spl_autoload_call (execute_data=<optimized out>, return_value=<optimized out>) at /tmp/php-build/source/7.0.5/ext/spl/php_spl.c:429
#25 0x00007f50b659ded5 in xdebug_execute_internal (current_execute_data=0x7f50b6a17190, return_value=0x7ffeade08b00) at /tmp/php-build/source/xdebug-2.4.0/xdebug.c:2037
#26 0x00000000008024c8 in zend_call_function (fci=fci@entry=0x7ffeade08b40, fci_cache=fci_cache@entry=0x7ffeade08b10) at /tmp/php-build/source/7.0.5/Zend/zend_execute_API.c:884
#27 0x0000000000802792 in zend_lookup_class_ex (name=name@entry=0x7f50b6aba230, key=0x7f50b6beb810, use_autoload=use_autoload@entry=1) at /tmp/php-build/source/7.0.5/Zend/zend_execute_API.c:1044
#28 0x00000000008030d8 in zend_fetch_class_by_name (class_name=0x7f50b6aba230, key=<optimized out>, fetch_type=fetch_type@entry=512) at /tmp/php-build/source/7.0.5/Zend/zend_execute_API.c:1390
#29 0x0000000000892958 in ZEND_NEW_SPEC_CONST_HANDLER () at /tmp/php-build/source/7.0.5/Zend/zend_vm_execute.h:3354
#30 0x000000000084be8b in execute_ex (ex=<optimized out>) at /tmp/php-build/source/7.0.5/Zend/zend_vm_execute.h:414
#31 0x00007f50b659d3ef in xdebug_execute_ex (execute_data=0x7f50b6a16fa0) at /tmp/php-build/source/xdebug-2.4.0/xdebug.c:1890
#32 0x0000000000889690 in ZEND_DO_FCALL_SPEC_HANDLER () at /tmp/php-build/source/7.0.5/Zend/zend_vm_execute.h:800
#33 0x000000000084be8b in execute_ex (ex=<optimized out>) at /tmp/php-build/source/7.0.5/Zend/zend_vm_execute.h:414
#34 0x00007f50b659d3ef in xdebug_execute_ex (execute_data=0x7f50b6a167d0) at /tmp/php-build/source/xdebug-2.4.0/xdebug.c:1890
#35 0x0000000000889690 in ZEND_DO_FCALL_SPEC_HANDLER () at /tmp/php-build/source/7.0.5/Zend/zend_vm_execute.h:800
#36 0x000000000084be8b in execute_ex (ex=<optimized out>) at /tmp/php-build/source/7.0.5/Zend/zend_vm_execute.h:414
#37 0x00007f50b659d3ef in xdebug_execute_ex (execute_data=0x7f50b6a15d20) at /tmp/php-build/source/xdebug-2.4.0/xdebug.c:1890
#38 0x0000000000889690 in ZEND_DO_FCALL_SPEC_HANDLER () at /tmp/php-build/source/7.0.5/Zend/zend_vm_execute.h:800
#39 0x000000000084be8b in execute_ex (ex=<optimized out>) at /tmp/php-build/source/7.0.5/Zend/zend_vm_execute.h:414
#40 0x00007f50b659d3ef in xdebug_execute_ex (execute_data=0x7f50b6a152e0) at /tmp/php-build/source/xdebug-2.4.0/xdebug.c:1890
#41 0x0000000000889690 in ZEND_DO_FCALL_SPEC_HANDLER () at /tmp/php-build/source/7.0.5/Zend/zend_vm_execute.h:800
#42 0x000000000084be8b in execute_ex (ex=<optimized out>) at /tmp/php-build/source/7.0.5/Zend/zend_vm_execute.h:414
#43 0x00007f50b659d3ef in xdebug_execute_ex (execute_data=0x7f50b6a14d00) at /tmp/php-build/source/xdebug-2.4.0/xdebug.c:1890
#44 0x0000000000889690 in ZEND_DO_FCALL_SPEC_HANDLER () at /tmp/php-build/source/7.0.5/Zend/zend_vm_execute.h:800
#45 0x000000000084be8b in execute_ex (ex=<optimized out>) at /tmp/php-build/source/7.0.5/Zend/zend_vm_execute.h:414
#46 0x00007f50b659d3ef in xdebug_execute_ex (execute_data=0x7f50b6a136b0) at /tmp/php-build/source/xdebug-2.4.0/xdebug.c:1890
#47 0x0000000000889690 in ZEND_DO_FCALL_SPEC_HANDLER () at /tmp/php-build/source/7.0.5/Zend/zend_vm_execute.h:800
#48 0x000000000084be8b in execute_ex (ex=<optimized out>) at /tmp/php-build/source/7.0.5/Zend/zend_vm_execute.h:414
#49 0x00007f50b659d3ef in xdebug_execute_ex (execute_data=0x7f50b6a13290) at /tmp/php-build/source/xdebug-2.4.0/xdebug.c:1890
#50 0x0000000000889690 in ZEND_DO_FCALL_SPEC_HANDLER () at /tmp/php-build/source/7.0.5/Zend/zend_vm_execute.h:800
#51 0x000000000084be8b in execute_ex (ex=<optimized out>) at /tmp/php-build/source/7.0.5/Zend/zend_vm_execute.h:414
#52 0x00007f50b659d3ef in xdebug_execute_ex (execute_data=0x7f50b6a131a0) at /tmp/php-build/source/xdebug-2.4.0/xdebug.c:1890
#53 0x0000000000889690 in ZEND_DO_FCALL_SPEC_HANDLER () at /tmp/php-build/source/7.0.5/Zend/zend_vm_execute.h:800
#54 0x000000000084be8b in execute_ex (ex=<optimized out>) at /tmp/php-build/source/7.0.5/Zend/zend_vm_execute.h:414
#55 0x00007f50b659d3ef in xdebug_execute_ex (execute_data=0x7f50b6a13030) at /tmp/php-build/source/xdebug-2.4.0/xdebug.c:1890
#56 0x0000000000894e47 in zend_execute (op_array=op_array@entry=0x7f50b6a6a0e0, return_value=return_value@entry=0x0) at /tmp/php-build/source/7.0.5/Zend/zend_vm_execute.h:458
#57 0x000000000080fd44 in zend_execute_scripts (type=type@entry=8, retval=retval@entry=0x0, file_count=file_count@entry=3) at /tmp/php-build/source/7.0.5/Zend/zend.c:1427
#58 0x00000000007b3f28 in php_execute_script (primary_file=primary_file@entry=0x7ffeade0b9b0) at /tmp/php-build/source/7.0.5/main/main.c:2487
#59 0x0000000000896a18 in do_cli (argc=3, argv=0x248c620) at /tmp/php-build/source/7.0.5/sapi/cli/php_cli.c:974
#60 0x00000000004419c0 in main (argc=3, argv=0x248c620) at /tmp/php-build/source/7.0.5/sapi/cli/php_cli.c:1344
```

In php 5.4 - 5.6 all OK

**Comment by sergeyklay** [comment]
```
# /usr/local/phpenv/versions/$(phpenv global)/bin/php-config
Usage: /usr/local/phpenv/versions/7.0.5/bin/php-config [OPTION]
Options:
  --prefix            [/usr/local/phpenv/versions/7.0.5]
  --includes          [-I/usr/local/phpenv/versions/7.0.5/include/php -I/usr/local/phpenv/versions/7.0.5/include/php/main -I/usr/local/phpenv/versions/7.0.5/include/php/TSRM -I/usr/local/phpenv/versions/7.0.5/include/php/Zend -I/usr/local/phpenv/versions/7.0.5/include/php/ext -I/usr/local/phpenv/versions/7.0.5/include/php/ext/date/lib]
  --ldflags           [ -L/usr/lib/x86_64-linux-gnu]
  --libs              [-lcrypt   -lz -lexslt -ltidy -lresolv -lcrypt -lreadline -ltermcap -lrt -lmcrypt -lpng -lz -ljpeg -lcurl -lz -lrt -lm -ldl -lnsl  -lxml2 -lgssapi_krb5 -lkrb5 -lk5crypto -lcom_err -lssl -lcrypto -lcurl -lxml2 -lssl -lcrypto -lxml2 -lxml2 -lcrypt -lxml2 -lxml2 -lxml2 -lxml2 -lxslt -lxml2 -lssl -lcrypto -lcrypt ]
  --extension-dir     [/usr/local/phpenv/versions/7.0.5/lib/php/extensions/no-debug-non-zts-20151012]
  --include-dir       [/usr/local/phpenv/versions/7.0.5/include/php]
  --man-dir           [/usr/local/phpenv/versions/7.0.5/php/man]
  --php-binary        [/usr/local/phpenv/versions/7.0.5/bin/php]
  --php-sapis         [ cli fpm phpdbg cgi]
  --configure-options [--with-config-file-path=/usr/local/phpenv/versions/7.0.5/etc --with-config-file-scan-dir=/usr/local/phpenv/versions/7.0.5/etc/conf.d --prefix=/usr/local/phpenv/versions/7.0.5 --libexecdir=/usr/local/phpenv/versions/7.0.5/libexec --without-pear --with-gd --enable-sockets --with-jpeg-dir=/usr --with-png-dir=/usr --enable-exif --enable-zip --with-zlib --with-zlib-dir=/usr --with-kerberos --with-openssl --with-mcrypt=/usr --enable-soap --enable-xmlreader --with-xsl --enable-ftp --enable-cgi --with-curl=/usr --with-tidy --with-xmlrpc --enable-sysvsem --enable-sysvshm --enable-shmop --with-mysql=mysqlnd --with-mysqli=mysqlnd --with-pdo-mysql=mysqlnd --with-pdo-sqlite --enable-pcntl --with-readline --enable-mbstring --disable-debug --enable-fpm --enable-bcmath --with-libdir=lib64]
  --version           [7.0.5]
  --vernum            [70005]
```

**Comment by sergeyklay** [comment]
Possible refs #1187

**Comment by sergeyklay** [comment]
For this code

``` zephir
    public function disconnect() -> boolean
    {
        fclose(this->socket);
        let this->socket = null;

        return true;
    }
```

was generated

**zephir build:**
**zephir build --ZendEngine3:**

``` c
PHP_METHOD(Beanspeak_Fclose, disconnect) {

    zval __$null, _0;
    ZEPHIR_INIT_THIS();

    ZVAL_NULL(&__$null);
    ZVAL_UNDEF(&_0);


    zephir_read_property(&_0, this_ptr, SL("socket"), PH_NOISY_CC | PH_READONLY);
    zephir_fclose(&_0 TSRMLS_CC);
    zephir_update_property_zval(this_ptr, SL("socket"), &__$null);
    RETURN_BOOL(1);

}
```

For this code

``` zephir
    public function disconnect() -> boolean
    {
        var socket;
        let socket = this->socket;

        if typeof socket != "resource"  {
            return false;
        }

        fclose(socket);
        let this->socket = null;

        return true;
    }
```

was generated

**zephir build:**
**zephir build --ZendEngine3:**

``` c
PHP_METHOD(Beanspeak_Fclose, disconnect) {

    zval __$null, socket, _0;
    ZEPHIR_INIT_THIS();

    ZVAL_NULL(&__$null);
    ZVAL_UNDEF(&socket);
    ZVAL_UNDEF(&_0);

    ZEPHIR_MM_GROW();

    zephir_read_property(&_0, this_ptr, SL("socket"), PH_NOISY_CC | PH_READONLY);
    ZEPHIR_CPY_WRT(&socket, &_0);
    if (Z_TYPE_P(&socket) != IS_RESOURCE) {
        RETURN_MM_BOOL(0);
    }
    zephir_fclose(&socket TSRMLS_CC);
    zephir_update_property_zval(this_ptr, SL("socket"), &__$null);
    RETURN_MM_BOOL(1);

}
```

both cases throw segmentation fault on PHP 7.

I also noticed that this happens when using PHPUnit.

This code:

``` zephir
namespace Beanspeak;

class Fclose
{
    protected socket;

    public function connect() -> resource
    {
        var socket;

        let socket = pfsockopen("172.24.0.1", 11300, null, null, 5);

        if typeof socket != "resource" {
            throw new \Exception("Can't establish connection.");
        }

        stream_set_timeout(socket, -1, null);

        let this->socket = socket;

        return socket;
    }

    public function disconnect() -> boolean
    {
        fclose(this->socket);
        let this->socket = null;

        return true;
    }
}
```

and this test:

``` php
<?php

error_reporting(-1);

ini_set('display_errors', 1);
ini_set('display_startup_errors', 1);

$client = new \Beanspeak\Fclose;

var_dump($client->connect());
var_dump($client->disconnect());
```

works ok:

```
# php tests/php7.php 
/app/tests/php7.php:10:
resource(4) of type (persistent stream)
/app/tests/php7.php:11:
bool(true)
```

**Comment by sergeyklay** [comment]
For code

``` zephir
namespace Beanspeak;

class Fclose
{
    protected socket;

    public function connect() -> resource
    {
        var socket;

        let socket = pfsockopen("172.24.0.1", 11300, null, null, 5);

        if typeof socket != "resource" {
            throw new \Exception("Can't establish connection.");
        }

        stream_set_timeout(socket, -1, null);

        let this->socket = socket;

        return socket;
    }

    public function disconnect() -> boolean
    {
        fclose(this->socket);
        let this->socket = null;

        return true;
    }
}
```

code was generated **for PHP 5.6:**

``` c

#ifdef HAVE_CONFIG_H
#include "../ext_config.h"
#endif

#include <php.h>
#include "../php_ext.h"
#include "../ext.h"

#include <Zend/zend_operators.h>
#include <Zend/zend_exceptions.h>
#include <Zend/zend_interfaces.h>

#include "kernel/main.h"
#include "kernel/memory.h"
#include "kernel/fcall.h"
#include "kernel/exception.h"
#include "kernel/object.h"
#include "kernel/file.h"


ZEPHIR_INIT_CLASS(Beanspeak_Fclose) {

    ZEPHIR_REGISTER_CLASS(Beanspeak, Fclose, beanspeak, fclose, beanspeak_fclose_method_entry, 0);

    zend_declare_property_null(beanspeak_fclose_ce, SL("socket"), ZEND_ACC_PROTECTED TSRMLS_CC);

    return SUCCESS;

}

PHP_METHOD(Beanspeak_Fclose, connect) {

    zval *socket = NULL, *_0, *_1, *_2, *_3, *_4, _5;
    int ZEPHIR_LAST_CALL_STATUS;

    ZEPHIR_MM_GROW();

    ZEPHIR_INIT_VAR(_0);
    ZVAL_STRING(_0, "172.24.0.1", ZEPHIR_TEMP_PARAM_COPY);
    ZEPHIR_INIT_VAR(_1);
    ZVAL_LONG(_1, 11300);
    ZEPHIR_INIT_VAR(_2);
    ZVAL_NULL(_2);
    ZEPHIR_INIT_VAR(_3);
    ZVAL_NULL(_3);
    ZEPHIR_INIT_VAR(_4);
    ZVAL_LONG(_4, 5);
    ZEPHIR_MAKE_REF(_2);
    ZEPHIR_CALL_FUNCTION(&socket, "pfsockopen", NULL, 1, _0, _1, _2, _3, _4);
    zephir_check_temp_parameter(_0);
    ZEPHIR_UNREF(_2);
    zephir_check_call_status();
    if (Z_TYPE_P(socket) != IS_RESOURCE) {
        ZEPHIR_THROW_EXCEPTION_DEBUG_STR(zend_exception_get_default(TSRMLS_C), "Can't establish connection.", "beanspeak/fclose.zep", 14);
        return;
    }
    ZEPHIR_SINIT_VAR(_5);
    ZVAL_LONG(&_5, -1);
    ZEPHIR_CALL_FUNCTION(NULL, "stream_set_timeout", NULL, 4, socket, &_5, ZEPHIR_GLOBAL(global_null));
    zephir_check_call_status();
    zephir_update_property_this(this_ptr, SL("socket"), socket TSRMLS_CC);
    RETURN_CCTOR(socket);

}

PHP_METHOD(Beanspeak_Fclose, disconnect) {

    zval *_0;


    _0 = zephir_fetch_nproperty_this(this_ptr, SL("socket"), PH_NOISY_CC);
    zephir_fclose(_0 TSRMLS_CC);
    zephir_update_property_this(this_ptr, SL("socket"), ZEPHIR_GLOBAL(global_null) TSRMLS_CC);
    RETURN_BOOL(1);

}
```

**for PHP 7:**

``` c

#ifdef HAVE_CONFIG_H
#include "../ext_config.h"
#endif

#include <php.h>
#include "../php_ext.h"
#include "../ext.h"

#include <Zend/zend_operators.h>
#include <Zend/zend_exceptions.h>
#include <Zend/zend_interfaces.h>

#include "kernel/main.h"
#include "kernel/memory.h"
#include "kernel/fcall.h"
#include "kernel/exception.h"
#include "kernel/object.h"
#include "kernel/file.h"


ZEPHIR_INIT_CLASS(Beanspeak_Fclose) {

    ZEPHIR_REGISTER_CLASS(Beanspeak, Fclose, beanspeak, fclose, beanspeak_fclose_method_entry, 0);

    zend_declare_property_null(beanspeak_fclose_ce, SL("socket"), ZEND_ACC_PROTECTED TSRMLS_CC);

    return SUCCESS;

}

PHP_METHOD(Beanspeak_Fclose, connect) {

    zval __$null, socket, _0, _1, _2, _3, _4;
    int ZEPHIR_LAST_CALL_STATUS;
    ZEPHIR_INIT_THIS();

    ZVAL_NULL(&__$null);
    ZVAL_UNDEF(&socket);
    ZVAL_UNDEF(&_0);
    ZVAL_UNDEF(&_1);
    ZVAL_UNDEF(&_2);
    ZVAL_UNDEF(&_3);
    ZVAL_UNDEF(&_4);

    ZEPHIR_MM_GROW();

    ZEPHIR_INIT_VAR(&_0);
    ZVAL_STRING(&_0, "172.24.0.1");
    ZVAL_LONG(&_1, 11300);
    ZVAL_NULL(&_2);
    ZVAL_NULL(&_3);
    ZVAL_LONG(&_4, 5);
    ZEPHIR_MAKE_REF(&_2);
    ZEPHIR_CALL_FUNCTION(&socket, "pfsockopen", NULL, 1, &_0, &_1, &_2, &_3, &_4);
    ZEPHIR_UNREF(&_2);
    zephir_check_call_status();
    if (Z_TYPE_P(&socket) != IS_RESOURCE) {
        ZEPHIR_THROW_EXCEPTION_DEBUG_STR(zend_exception_get_default(TSRMLS_C), "Can't establish connection.", "beanspeak/fclose.zep", 14);
        return;
    }
    ZVAL_LONG(&_1, -1);
    ZEPHIR_CALL_FUNCTION(NULL, "stream_set_timeout", NULL, 4, &socket, &_1, &__$null);
    zephir_check_call_status();
    zephir_update_property_zval(this_ptr, SL("socket"), &socket);
    RETURN_CCTOR(socket);

}

PHP_METHOD(Beanspeak_Fclose, disconnect) {

    zval __$null, _0;
    ZEPHIR_INIT_THIS();

    ZVAL_NULL(&__$null);
    ZVAL_UNDEF(&_0);


    zephir_read_property(&_0, this_ptr, SL("socket"), PH_NOISY_CC | PH_READONLY);
    zephir_fclose(&_0 TSRMLS_CC);
    zephir_update_property_zval(this_ptr, SL("socket"), &__$null);
    RETURN_BOOL(1);

}
```

**Comment by sergeyklay** [comment]
@steffengy What other information should I provide so that this issue could be addressed?

**Comment by steffengy** [comment]
@sergeyklay 
stacktraces are unfortunately only semi-helpful for issues of that kind.
one would need to deduce the origin of the value (zval which has a wrong refcount),
and then figure out where the refcounting goes wrong (usually a debugger with a breakpoint
on the refcount and then stepping it through is the fastest)

**Comment by sergeyklay** [comment]
@phalcon Thanks!
